<?xml version="1.0" encoding="UTF-8"?>
<coverage generated="1603391684832" clover="3.2.0">
  <project timestamp="1603391684832" name="All files">
    <metrics statements="90" coveredstatements="88" conditionals="26" coveredconditionals="22" methods="10" coveredmethods="10" elements="126" coveredelements="120" complexity="0" loc="90" ncloc="90" packages="1" files="1" classes="1"/>
    <file name="linkedList.js" path="/Users/pupmega/codefellows/data-structures-and-algorithms/challenges/linkedList/linkedList.js">
      <metrics statements="90" coveredstatements="88" conditionals="26" coveredconditionals="22" methods="10" coveredmethods="10"/>
      <line num="10" count="56" type="stmt"/>
      <line num="11" count="56" type="stmt"/>
      <line num="17" count="19" type="stmt"/>
      <line num="18" count="19" type="stmt"/>
      <line num="23" count="17" type="stmt"/>
      <line num="30" count="17" type="cond" truecount="2" falsecount="0"/>
      <line num="31" count="7" type="stmt"/>
      <line num="33" count="10" type="stmt"/>
      <line num="37" count="10" type="stmt"/>
      <line num="38" count="4" type="stmt"/>
      <line num="42" count="10" type="stmt"/>
      <line num="44" count="17" type="stmt"/>
      <line num="50" count="2" type="stmt"/>
      <line num="51" count="2" type="stmt"/>
      <line num="52" count="2" type="stmt"/>
      <line num="55" count="2" type="stmt"/>
      <line num="58" count="6" type="cond" truecount="2" falsecount="0"/>
      <line num="59" count="1" type="stmt"/>
      <line num="60" count="1" type="stmt"/>
      <line num="63" count="5" type="stmt"/>
      <line num="70" count="1" type="stmt"/>
      <line num="76" count="6" type="stmt"/>
      <line num="77" count="6" type="stmt"/>
      <line num="78" count="6" type="stmt"/>
      <line num="79" count="6" type="stmt"/>
      <line num="81" count="6" type="stmt"/>
      <line num="83" count="6" type="stmt"/>
      <line num="86" count="21" type="stmt"/>
      <line num="87" count="21" type="stmt"/>
      <line num="90" count="6" type="stmt"/>
      <line num="91" count="6" type="stmt"/>
      <line num="104" count="37" type="stmt"/>
      <line num="109" count="37" type="cond" truecount="2" falsecount="0"/>
      <line num="110" count="11" type="stmt"/>
      <line num="112" count="26" type="stmt"/>
      <line num="114" count="26" type="stmt"/>
      <line num="115" count="26" type="stmt"/>
      <line num="117" count="26" type="stmt"/>
      <line num="119" count="37" type="stmt"/>
      <line num="125" count="1" type="stmt"/>
      <line num="127" count="1" type="stmt"/>
      <line num="129" count="1" type="stmt"/>
      <line num="131" count="1" type="stmt"/>
      <line num="133" count="3" type="cond" truecount="2" falsecount="0"/>
      <line num="135" count="1" type="cond" truecount="1" falsecount="1"/>
      <line num="137" count="0" type="stmt"/>
      <line num="141" count="1" type="stmt"/>
      <line num="144" count="1" type="stmt"/>
      <line num="146" count="1" type="stmt"/>
      <line num="149" count="2" type="stmt"/>
      <line num="151" count="2" type="stmt"/>
      <line num="155" count="1" type="stmt"/>
      <line num="163" count="1" type="stmt"/>
      <line num="164" count="1" type="stmt"/>
      <line num="166" count="1" type="stmt"/>
      <line num="167" count="3" type="cond" truecount="2" falsecount="0"/>
      <line num="168" count="1" type="stmt"/>
      <line num="169" count="1" type="stmt"/>
      <line num="170" count="1" type="stmt"/>
      <line num="172" count="2" type="cond" truecount="1" falsecount="1"/>
      <line num="173" count="0" type="stmt"/>
      <line num="175" count="2" type="stmt"/>
      <line num="178" count="1" type="stmt"/>
      <line num="195" count="5" type="stmt"/>
      <line num="197" count="5" type="stmt"/>
      <line num="199" count="5" type="cond" truecount="2" falsecount="0"/>
      <line num="200" count="1" type="stmt"/>
      <line num="204" count="4" type="stmt"/>
      <line num="206" count="14" type="stmt"/>
      <line num="208" count="14" type="stmt"/>
      <line num="212" count="4" type="stmt"/>
      <line num="214" count="4" type="cond" truecount="4" falsecount="0"/>
      <line num="216" count="2" type="stmt"/>
      <line num="220" count="2" type="stmt"/>
      <line num="222" count="2" type="stmt"/>
      <line num="224" count="1" type="stmt"/>
      <line num="226" count="1" type="stmt"/>
      <line num="231" count="2" type="stmt"/>
      <line num="242" count="1" type="stmt"/>
      <line num="244" count="1" type="stmt"/>
      <line num="247" count="1" type="stmt"/>
      <line num="249" count="1" type="cond" truecount="2" falsecount="0"/>
      <line num="251" count="2" type="cond" truecount="1" falsecount="1"/>
      <line num="252" count="2" type="stmt"/>
      <line num="253" count="2" type="stmt"/>
      <line num="255" count="2" type="cond" truecount="1" falsecount="1"/>
      <line num="256" count="2" type="stmt"/>
      <line num="257" count="2" type="stmt"/>
      <line num="261" count="1" type="stmt"/>
      <line num="266" count="1" type="stmt"/>
    </file>
  </project>
</coverage>
