{"/Users/pupmega/codefellows/data-structures-and-algorithms/challenges/linkedList/linkedList.js": {"path":"/Users/pupmega/codefellows/data-structures-and-algorithms/challenges/linkedList/linkedList.js","statementMap":{"0":{"start":{"line":10,"column":8},"end":{"line":10,"column":25}},"1":{"start":{"line":11,"column":8},"end":{"line":11,"column":24}},"2":{"start":{"line":17,"column":8},"end":{"line":17,"column":25}},"3":{"start":{"line":18,"column":8},"end":{"line":18,"column":22}},"4":{"start":{"line":23,"column":19},"end":{"line":23,"column":33}},"5":{"start":{"line":30,"column":8},"end":{"line":43,"column":9}},"6":{"start":{"line":31,"column":12},"end":{"line":31,"column":29}},"7":{"start":{"line":33,"column":12},"end":{"line":33,"column":32}},"8":{"start":{"line":37,"column":12},"end":{"line":39,"column":13}},"9":{"start":{"line":38,"column":16},"end":{"line":38,"column":39}},"10":{"start":{"line":42,"column":12},"end":{"line":42,"column":32}},"11":{"start":{"line":44,"column":8},"end":{"line":44,"column":20}},"12":{"start":{"line":50,"column":27},"end":{"line":50,"column":32}},"13":{"start":{"line":51,"column":24},"end":{"line":51,"column":25}},"14":{"start":{"line":52,"column":26},"end":{"line":52,"column":35}},"15":{"start":{"line":55,"column":12},"end":{"line":64,"column":13}},"16":{"start":{"line":58,"column":16},"end":{"line":61,"column":17}},"17":{"start":{"line":59,"column":20},"end":{"line":59,"column":36}},"18":{"start":{"line":60,"column":20},"end":{"line":60,"column":36}},"19":{"start":{"line":63,"column":16},"end":{"line":63,"column":39}},"20":{"start":{"line":70,"column":12},"end":{"line":70,"column":28}},"21":{"start":{"line":76,"column":21},"end":{"line":76,"column":25}},"22":{"start":{"line":77,"column":20},"end":{"line":77,"column":22}},"23":{"start":{"line":78,"column":21},"end":{"line":78,"column":30}},"24":{"start":{"line":79,"column":18},"end":{"line":79,"column":25}},"25":{"start":{"line":81,"column":22},"end":{"line":81,"column":31}},"26":{"start":{"line":83,"column":8},"end":{"line":89,"column":10}},"27":{"start":{"line":86,"column":16},"end":{"line":86,"column":51}},"28":{"start":{"line":87,"column":16},"end":{"line":87,"column":39}},"29":{"start":{"line":90,"column":9},"end":{"line":90,"column":22}},"30":{"start":{"line":91,"column":9},"end":{"line":91,"column":22}},"31":{"start":{"line":104,"column":15},"end":{"line":104,"column":29}},"32":{"start":{"line":109,"column":4},"end":{"line":118,"column":5}},"33":{"start":{"line":110,"column":8},"end":{"line":110,"column":25}},"34":{"start":{"line":112,"column":8},"end":{"line":112,"column":28}},"35":{"start":{"line":114,"column":8},"end":{"line":116,"column":9}},"36":{"start":{"line":115,"column":12},"end":{"line":115,"column":35}},"37":{"start":{"line":117,"column":8},"end":{"line":117,"column":28}},"38":{"start":{"line":119,"column":4},"end":{"line":119,"column":16}},"39":{"start":{"line":125,"column":15},"end":{"line":125,"column":31}},"40":{"start":{"line":127,"column":18},"end":{"line":127,"column":27}},"41":{"start":{"line":129,"column":19},"end":{"line":129,"column":23}},"42":{"start":{"line":131,"column":4},"end":{"line":153,"column":1}},"43":{"start":{"line":133,"column":8},"end":{"line":148,"column":1}},"44":{"start":{"line":135,"column":12},"end":{"line":142,"column":5}},"45":{"start":{"line":137,"column":16},"end":{"line":137,"column":33}},"46":{"start":{"line":141,"column":16},"end":{"line":141,"column":37}},"47":{"start":{"line":144,"column":4},"end":{"line":144,"column":24}},"48":{"start":{"line":146,"column":4},"end":{"line":146,"column":10}},"49":{"start":{"line":149,"column":0},"end":{"line":149,"column":19}},"50":{"start":{"line":151,"column":0},"end":{"line":151,"column":23}},"51":{"start":{"line":155,"column":0},"end":{"line":155,"column":12}},"52":{"start":{"line":163,"column":19},"end":{"line":163,"column":35}},"53":{"start":{"line":164,"column":22},"end":{"line":164,"column":31}},"54":{"start":{"line":166,"column":8},"end":{"line":176,"column":9}},"55":{"start":{"line":167,"column":12},"end":{"line":171,"column":13}},"56":{"start":{"line":168,"column":16},"end":{"line":168,"column":41}},"57":{"start":{"line":169,"column":16},"end":{"line":169,"column":36}},"58":{"start":{"line":170,"column":16},"end":{"line":170,"column":22}},"59":{"start":{"line":172,"column":12},"end":{"line":174,"column":13}},"60":{"start":{"line":173,"column":16},"end":{"line":173,"column":36}},"61":{"start":{"line":175,"column":12},"end":{"line":175,"column":35}},"62":{"start":{"line":178,"column":8},"end":{"line":178,"column":20}},"63":{"start":{"line":195,"column":22},"end":{"line":195,"column":23}},"64":{"start":{"line":197,"column":18},"end":{"line":197,"column":27}},"65":{"start":{"line":199,"column":4},"end":{"line":201,"column":5}},"66":{"start":{"line":200,"column":8},"end":{"line":200,"column":47}},"67":{"start":{"line":204,"column":4},"end":{"line":210,"column":5}},"68":{"start":{"line":206,"column":8},"end":{"line":206,"column":22}},"69":{"start":{"line":208,"column":8},"end":{"line":208,"column":31}},"70":{"start":{"line":212,"column":20},"end":{"line":212,"column":42}},"71":{"start":{"line":214,"column":4},"end":{"line":218,"column":5}},"72":{"start":{"line":216,"column":8},"end":{"line":216,"column":43}},"73":{"start":{"line":220,"column":4},"end":{"line":220,"column":24}},"74":{"start":{"line":222,"column":4},"end":{"line":228,"column":5}},"75":{"start":{"line":224,"column":8},"end":{"line":224,"column":20}},"76":{"start":{"line":226,"column":8},"end":{"line":226,"column":31}},"77":{"start":{"line":231,"column":4},"end":{"line":231,"column":24}},"78":{"start":{"line":242,"column":18},"end":{"line":242,"column":27}},"79":{"start":{"line":244,"column":19},"end":{"line":244,"column":29}},"80":{"start":{"line":247,"column":21},"end":{"line":247,"column":37}},"81":{"start":{"line":249,"column":4},"end":{"line":259,"column":5}},"82":{"start":{"line":251,"column":8},"end":{"line":254,"column":9}},"83":{"start":{"line":252,"column":8},"end":{"line":252,"column":40}},"84":{"start":{"line":253,"column":8},"end":{"line":253,"column":31}},"85":{"start":{"line":255,"column":8},"end":{"line":258,"column":13}},"86":{"start":{"line":256,"column":12},"end":{"line":256,"column":45}},"87":{"start":{"line":257,"column":12},"end":{"line":257,"column":37}},"88":{"start":{"line":261,"column":4},"end":{"line":261,"column":33}},"89":{"start":{"line":266,"column":0},"end":{"line":266,"column":28}}},"fnMap":{"0":{"name":"(anonymous_0)","decl":{"start":{"line":6,"column":4},"end":{"line":6,"column":5}},"loc":{"start":{"line":9,"column":4},"end":{"line":12,"column":5}},"line":9},"1":{"name":"(anonymous_1)","decl":{"start":{"line":16,"column":4},"end":{"line":16,"column":5}},"loc":{"start":{"line":16,"column":18},"end":{"line":19,"column":5}},"line":16},"2":{"name":"(anonymous_2)","decl":{"start":{"line":21,"column":4},"end":{"line":21,"column":5}},"loc":{"start":{"line":21,"column":16},"end":{"line":46,"column":5}},"line":21},"3":{"name":"(anonymous_3)","decl":{"start":{"line":48,"column":4},"end":{"line":48,"column":5}},"loc":{"start":{"line":48,"column":18},"end":{"line":72,"column":5}},"line":48},"4":{"name":"(anonymous_4)","decl":{"start":{"line":74,"column":4},"end":{"line":74,"column":5}},"loc":{"start":{"line":74,"column":14},"end":{"line":92,"column":5}},"line":74},"5":{"name":"(anonymous_5)","decl":{"start":{"line":101,"column":2},"end":{"line":101,"column":3}},"loc":{"start":{"line":101,"column":14},"end":{"line":120,"column":3}},"line":101},"6":{"name":"(anonymous_6)","decl":{"start":{"line":123,"column":2},"end":{"line":123,"column":3}},"loc":{"start":{"line":123,"column":29},"end":{"line":157,"column":1}},"line":123},"7":{"name":"(anonymous_7)","decl":{"start":{"line":160,"column":4},"end":{"line":160,"column":5}},"loc":{"start":{"line":160,"column":29},"end":{"line":182,"column":5}},"line":160},"8":{"name":"(anonymous_8)","decl":{"start":{"line":193,"column":3},"end":{"line":193,"column":4}},"loc":{"start":{"line":193,"column":18},"end":{"line":232,"column":4}},"line":193},"9":{"name":"(anonymous_9)","decl":{"start":{"line":240,"column":4},"end":{"line":240,"column":5}},"loc":{"start":{"line":240,"column":20},"end":{"line":262,"column":4}},"line":240}},"branchMap":{"0":{"loc":{"start":{"line":30,"column":8},"end":{"line":43,"column":9}},"type":"if","locations":[{"start":{"line":30,"column":8},"end":{"line":43,"column":9}},{"start":{"line":30,"column":8},"end":{"line":43,"column":9}}],"line":30},"1":{"loc":{"start":{"line":58,"column":16},"end":{"line":61,"column":17}},"type":"if","locations":[{"start":{"line":58,"column":16},"end":{"line":61,"column":17}},{"start":{"line":58,"column":16},"end":{"line":61,"column":17}}],"line":58},"2":{"loc":{"start":{"line":109,"column":4},"end":{"line":118,"column":5}},"type":"if","locations":[{"start":{"line":109,"column":4},"end":{"line":118,"column":5}},{"start":{"line":109,"column":4},"end":{"line":118,"column":5}}],"line":109},"3":{"loc":{"start":{"line":133,"column":8},"end":{"line":148,"column":1}},"type":"if","locations":[{"start":{"line":133,"column":8},"end":{"line":148,"column":1}},{"start":{"line":133,"column":8},"end":{"line":148,"column":1}}],"line":133},"4":{"loc":{"start":{"line":135,"column":12},"end":{"line":142,"column":5}},"type":"if","locations":[{"start":{"line":135,"column":12},"end":{"line":142,"column":5}},{"start":{"line":135,"column":12},"end":{"line":142,"column":5}}],"line":135},"5":{"loc":{"start":{"line":167,"column":12},"end":{"line":171,"column":13}},"type":"if","locations":[{"start":{"line":167,"column":12},"end":{"line":171,"column":13}},{"start":{"line":167,"column":12},"end":{"line":171,"column":13}}],"line":167},"6":{"loc":{"start":{"line":172,"column":12},"end":{"line":174,"column":13}},"type":"if","locations":[{"start":{"line":172,"column":12},"end":{"line":174,"column":13}},{"start":{"line":172,"column":12},"end":{"line":174,"column":13}}],"line":172},"7":{"loc":{"start":{"line":199,"column":4},"end":{"line":201,"column":5}},"type":"if","locations":[{"start":{"line":199,"column":4},"end":{"line":201,"column":5}},{"start":{"line":199,"column":4},"end":{"line":201,"column":5}}],"line":199},"8":{"loc":{"start":{"line":214,"column":4},"end":{"line":218,"column":5}},"type":"if","locations":[{"start":{"line":214,"column":4},"end":{"line":218,"column":5}},{"start":{"line":214,"column":4},"end":{"line":218,"column":5}}],"line":214},"9":{"loc":{"start":{"line":214,"column":7},"end":{"line":214,"column":37}},"type":"binary-expr","locations":[{"start":{"line":214,"column":7},"end":{"line":214,"column":20}},{"start":{"line":214,"column":24},"end":{"line":214,"column":37}}],"line":214},"10":{"loc":{"start":{"line":249,"column":10},"end":{"line":249,"column":30}},"type":"binary-expr","locations":[{"start":{"line":249,"column":10},"end":{"line":249,"column":17}},{"start":{"line":249,"column":22},"end":{"line":249,"column":30}}],"line":249},"11":{"loc":{"start":{"line":251,"column":8},"end":{"line":254,"column":9}},"type":"if","locations":[{"start":{"line":251,"column":8},"end":{"line":254,"column":9}},{"start":{"line":251,"column":8},"end":{"line":254,"column":9}}],"line":251},"12":{"loc":{"start":{"line":255,"column":8},"end":{"line":258,"column":13}},"type":"if","locations":[{"start":{"line":255,"column":8},"end":{"line":258,"column":13}},{"start":{"line":255,"column":8},"end":{"line":258,"column":13}}],"line":255}},"s":{"0":56,"1":56,"2":19,"3":19,"4":17,"5":17,"6":7,"7":10,"8":10,"9":4,"10":10,"11":17,"12":2,"13":2,"14":2,"15":2,"16":6,"17":1,"18":1,"19":5,"20":1,"21":6,"22":6,"23":6,"24":6,"25":6,"26":6,"27":21,"28":21,"29":6,"30":6,"31":37,"32":37,"33":11,"34":26,"35":26,"36":26,"37":26,"38":37,"39":1,"40":1,"41":1,"42":1,"43":3,"44":1,"45":0,"46":1,"47":1,"48":1,"49":2,"50":2,"51":1,"52":1,"53":1,"54":1,"55":3,"56":1,"57":1,"58":1,"59":2,"60":0,"61":2,"62":1,"63":5,"64":5,"65":5,"66":1,"67":4,"68":14,"69":14,"70":4,"71":4,"72":2,"73":2,"74":2,"75":1,"76":1,"77":2,"78":1,"79":1,"80":1,"81":1,"82":2,"83":2,"84":2,"85":2,"86":2,"87":2,"88":1,"89":1},"f":{"0":56,"1":19,"2":17,"3":2,"4":6,"5":37,"6":1,"7":1,"8":5,"9":1},"b":{"0":[7,10],"1":[1,5],"2":[11,26],"3":[1,2],"4":[0,1],"5":[1,2],"6":[0,2],"7":[1,4],"8":[2,2],"9":[4,2],"10":[3,1],"11":[2,0],"12":[2,0]},"_coverageSchema":"1a1c01bbd47fc00a2c39e90264f33305004495a9","hash":"e632943bd19219c7ca15519f0fbcb0540fba5239"}
}
