{"C:\\Users\\Robert Rizo\\Desktop\\MyWorkFolder\\data-structures-and-algorithms\\challenges\\animal-shelter\\animal-shelter.js": {"path":"C:\\Users\\Robert Rizo\\Desktop\\MyWorkFolder\\data-structures-and-algorithms\\challenges\\animal-shelter\\animal-shelter.js","statementMap":{"0":{"start":{"line":6,"column":4},"end":{"line":6,"column":23}},"1":{"start":{"line":7,"column":4},"end":{"line":7,"column":23}},"2":{"start":{"line":11,"column":4},"end":{"line":19,"column":5}},"3":{"start":{"line":12,"column":6},"end":{"line":12,"column":36}},"4":{"start":{"line":13,"column":11},"end":{"line":19,"column":5}},"5":{"start":{"line":14,"column":6},"end":{"line":14,"column":36}},"6":{"start":{"line":18,"column":6},"end":{"line":18,"column":18}},"7":{"start":{"line":25,"column":4},"end":{"line":33,"column":5}},"8":{"start":{"line":26,"column":6},"end":{"line":26,"column":26}},"9":{"start":{"line":27,"column":6},"end":{"line":27,"column":27}},"10":{"start":{"line":28,"column":11},"end":{"line":33,"column":5}},"11":{"start":{"line":29,"column":6},"end":{"line":29,"column":26}},"12":{"start":{"line":30,"column":6},"end":{"line":30,"column":27}},"13":{"start":{"line":32,"column":6},"end":{"line":32,"column":18}},"14":{"start":{"line":37,"column":0},"end":{"line":37,"column":31}}},"fnMap":{"0":{"name":"(anonymous_0)","decl":{"start":{"line":4,"column":2},"end":{"line":4,"column":3}},"loc":{"start":{"line":4,"column":16},"end":{"line":8,"column":3}},"line":4},"1":{"name":"(anonymous_1)","decl":{"start":{"line":10,"column":2},"end":{"line":10,"column":3}},"loc":{"start":{"line":10,"column":18},"end":{"line":20,"column":3}},"line":10},"2":{"name":"(anonymous_2)","decl":{"start":{"line":24,"column":2},"end":{"line":24,"column":3}},"loc":{"start":{"line":24,"column":16},"end":{"line":34,"column":3}},"line":24}},"branchMap":{"0":{"loc":{"start":{"line":11,"column":4},"end":{"line":19,"column":5}},"type":"if","locations":[{"start":{"line":11,"column":4},"end":{"line":19,"column":5}},{"start":{"line":11,"column":4},"end":{"line":19,"column":5}}],"line":11},"1":{"loc":{"start":{"line":13,"column":11},"end":{"line":19,"column":5}},"type":"if","locations":[{"start":{"line":13,"column":11},"end":{"line":19,"column":5}},{"start":{"line":13,"column":11},"end":{"line":19,"column":5}}],"line":13},"2":{"loc":{"start":{"line":25,"column":4},"end":{"line":33,"column":5}},"type":"if","locations":[{"start":{"line":25,"column":4},"end":{"line":33,"column":5}},{"start":{"line":25,"column":4},"end":{"line":33,"column":5}}],"line":25},"3":{"loc":{"start":{"line":28,"column":11},"end":{"line":33,"column":5}},"type":"if","locations":[{"start":{"line":28,"column":11},"end":{"line":33,"column":5}},{"start":{"line":28,"column":11},"end":{"line":33,"column":5}}],"line":28}},"s":{"0":5,"1":5,"2":6,"3":3,"4":3,"5":3,"6":0,"7":2,"8":1,"9":1,"10":1,"11":1,"12":1,"13":0,"14":1},"f":{"0":5,"1":6,"2":2},"b":{"0":[3,3],"1":[3,0],"2":[1,1],"3":[1,0]},"_coverageSchema":"1a1c01bbd47fc00a2c39e90264f33305004495a9","hash":"8b50566ba51ba8e68e63f459e7a0fef5169a041f"}
,"C:\\Users\\Robert Rizo\\Desktop\\MyWorkFolder\\data-structures-and-algorithms\\challenges\\arrayShift\\array-shift.js": {"path":"C:\\Users\\Robert Rizo\\Desktop\\MyWorkFolder\\data-structures-and-algorithms\\challenges\\arrayShift\\array-shift.js","statementMap":{"0":{"start":{"line":3,"column":19},"end":{"line":3,"column":21}},"1":{"start":{"line":5,"column":0},"end":{"line":28,"column":1}},"2":{"start":{"line":7,"column":14},"end":{"line":7,"column":40}},"3":{"start":{"line":9,"column":17},"end":{"line":9,"column":19}},"4":{"start":{"line":11,"column":4},"end":{"line":24,"column":5}},"5":{"start":{"line":11,"column":17},"end":{"line":11,"column":18}},"6":{"start":{"line":13,"column":8},"end":{"line":22,"column":9}},"7":{"start":{"line":14,"column":12},"end":{"line":14,"column":33}},"8":{"start":{"line":16,"column":13},"end":{"line":22,"column":9}},"9":{"start":{"line":17,"column":12},"end":{"line":17,"column":28}},"10":{"start":{"line":18,"column":12},"end":{"line":18,"column":35}},"11":{"start":{"line":20,"column":13},"end":{"line":22,"column":9}},"12":{"start":{"line":21,"column":12},"end":{"line":21,"column":35}},"13":{"start":{"line":26,"column":4},"end":{"line":26,"column":18}},"14":{"start":{"line":30,"column":0},"end":{"line":30,"column":36}}},"fnMap":{"0":{"name":"(anonymous_0)","decl":{"start":{"line":5,"column":15},"end":{"line":5,"column":16}},"loc":{"start":{"line":5,"column":33},"end":{"line":28,"column":1}},"line":5}},"branchMap":{"0":{"loc":{"start":{"line":13,"column":8},"end":{"line":22,"column":9}},"type":"if","locations":[{"start":{"line":13,"column":8},"end":{"line":22,"column":9}},{"start":{"line":13,"column":8},"end":{"line":22,"column":9}}],"line":13},"1":{"loc":{"start":{"line":16,"column":13},"end":{"line":22,"column":9}},"type":"if","locations":[{"start":{"line":16,"column":13},"end":{"line":22,"column":9}},{"start":{"line":16,"column":13},"end":{"line":22,"column":9}}],"line":16},"2":{"loc":{"start":{"line":20,"column":13},"end":{"line":22,"column":9}},"type":"if","locations":[{"start":{"line":20,"column":13},"end":{"line":22,"column":9}},{"start":{"line":20,"column":13},"end":{"line":22,"column":9}}],"line":20}},"s":{"0":1,"1":1,"2":1,"3":1,"4":1,"5":1,"6":4,"7":2,"8":2,"9":1,"10":1,"11":1,"12":1,"13":1,"14":1},"f":{"0":1},"b":{"0":[2,2],"1":[1,1],"2":[1,0]},"_coverageSchema":"1a1c01bbd47fc00a2c39e90264f33305004495a9","hash":"da9fb9fc9fadca34518281b63fcfb514793deafe"}
,"C:\\Users\\Robert Rizo\\Desktop\\MyWorkFolder\\data-structures-and-algorithms\\challenges\\backetValidator\\bracket-val.js": {"path":"C:\\Users\\Robert Rizo\\Desktop\\MyWorkFolder\\data-structures-and-algorithms\\challenges\\backetValidator\\bracket-val.js","statementMap":{"0":{"start":{"line":6,"column":17},"end":{"line":6,"column":19}},"1":{"start":{"line":7,"column":14},"end":{"line":7,"column":16}},"2":{"start":{"line":10,"column":24},"end":{"line":10,"column":52}},"3":{"start":{"line":12,"column":4},"end":{"line":29,"column":5}},"4":{"start":{"line":12,"column":17},"end":{"line":12,"column":18}},"5":{"start":{"line":14,"column":6},"end":{"line":28,"column":7}},"6":{"start":{"line":15,"column":8},"end":{"line":15,"column":28}},"7":{"start":{"line":18,"column":11},"end":{"line":28,"column":7}},"8":{"start":{"line":19,"column":8},"end":{"line":19,"column":25}},"9":{"start":{"line":23,"column":19},"end":{"line":23,"column":31}},"10":{"start":{"line":25,"column":8},"end":{"line":27,"column":9}},"11":{"start":{"line":26,"column":10},"end":{"line":26,"column":23}},"12":{"start":{"line":31,"column":4},"end":{"line":33,"column":5}},"13":{"start":{"line":32,"column":6},"end":{"line":32,"column":19}},"14":{"start":{"line":34,"column":4},"end":{"line":34,"column":16}},"15":{"start":{"line":37,"column":2},"end":{"line":37,"column":41}}},"fnMap":{"0":{"name":"multiBracketValidator","decl":{"start":{"line":5,"column":9},"end":{"line":5,"column":30}},"loc":{"start":{"line":5,"column":36},"end":{"line":35,"column":3}},"line":5}},"branchMap":{"0":{"loc":{"start":{"line":14,"column":6},"end":{"line":28,"column":7}},"type":"if","locations":[{"start":{"line":14,"column":6},"end":{"line":28,"column":7}},{"start":{"line":14,"column":6},"end":{"line":28,"column":7}}],"line":14},"1":{"loc":{"start":{"line":14,"column":10},"end":{"line":14,"column":60}},"type":"binary-expr","locations":[{"start":{"line":14,"column":10},"end":{"line":14,"column":24}},{"start":{"line":14,"column":28},"end":{"line":14,"column":42}},{"start":{"line":14,"column":46},"end":{"line":14,"column":60}}],"line":14},"2":{"loc":{"start":{"line":18,"column":11},"end":{"line":28,"column":7}},"type":"if","locations":[{"start":{"line":18,"column":11},"end":{"line":28,"column":7}},{"start":{"line":18,"column":11},"end":{"line":28,"column":7}}],"line":18},"3":{"loc":{"start":{"line":25,"column":8},"end":{"line":27,"column":9}},"type":"if","locations":[{"start":{"line":25,"column":8},"end":{"line":27,"column":9}},{"start":{"line":25,"column":8},"end":{"line":27,"column":9}}],"line":25},"4":{"loc":{"start":{"line":31,"column":4},"end":{"line":33,"column":5}},"type":"if","locations":[{"start":{"line":31,"column":4},"end":{"line":33,"column":5}},{"start":{"line":31,"column":4},"end":{"line":33,"column":5}}],"line":31}},"s":{"0":4,"1":4,"2":4,"3":4,"4":4,"5":90,"6":13,"7":77,"8":66,"9":11,"10":11,"11":1,"12":3,"13":1,"14":2,"15":1},"f":{"0":4},"b":{"0":[13,77],"1":[90,82,81],"2":[66,11],"3":[1,10],"4":[1,2]},"_coverageSchema":"1a1c01bbd47fc00a2c39e90264f33305004495a9","hash":"6dee1e1d2f76e977867b3e2149bf29f323ad9bd5"}
,"C:\\Users\\Robert Rizo\\Desktop\\MyWorkFolder\\data-structures-and-algorithms\\challenges\\insert-sort\\insertion-sort.js": {"path":"C:\\Users\\Robert Rizo\\Desktop\\MyWorkFolder\\data-structures-and-algorithms\\challenges\\insert-sort\\insertion-sort.js","statementMap":{"0":{"start":{"line":3,"column":10},"end":{"line":3,"column":21}},"1":{"start":{"line":5,"column":20},"end":{"line":17,"column":1}},"2":{"start":{"line":6,"column":15},"end":{"line":6,"column":25}},"3":{"start":{"line":7,"column":2},"end":{"line":15,"column":3}},"4":{"start":{"line":7,"column":15},"end":{"line":7,"column":16}},"5":{"start":{"line":8,"column":16},"end":{"line":8,"column":22}},"6":{"start":{"line":9,"column":14},"end":{"line":9,"column":19}},"7":{"start":{"line":10,"column":6},"end":{"line":13,"column":7}},"8":{"start":{"line":11,"column":10},"end":{"line":11,"column":30}},"9":{"start":{"line":12,"column":10},"end":{"line":12,"column":20}},"10":{"start":{"line":14,"column":6},"end":{"line":14,"column":23}},"11":{"start":{"line":16,"column":2},"end":{"line":16,"column":13}},"12":{"start":{"line":19,"column":0},"end":{"line":19,"column":31}}},"fnMap":{"0":{"name":"(anonymous_0)","decl":{"start":{"line":5,"column":20},"end":{"line":5,"column":21}},"loc":{"start":{"line":5,"column":29},"end":{"line":17,"column":1}},"line":5}},"branchMap":{"0":{"loc":{"start":{"line":10,"column":13},"end":{"line":10,"column":35}},"type":"binary-expr","locations":[{"start":{"line":10,"column":13},"end":{"line":10,"column":19}},{"start":{"line":10,"column":23},"end":{"line":10,"column":35}}],"line":10}},"s":{"0":1,"1":1,"2":1,"3":1,"4":1,"5":4,"6":4,"7":4,"8":4,"9":4,"10":4,"11":1,"12":1},"f":{"0":1},"b":{"0":[8,8]},"_coverageSchema":"1a1c01bbd47fc00a2c39e90264f33305004495a9","hash":"a778ba1efce9a95bdabdf81dff88a4f0d124b7f8"}
,"C:\\Users\\Robert Rizo\\Desktop\\MyWorkFolder\\data-structures-and-algorithms\\challenges\\linkedList\\linkedList.js": {"path":"C:\\Users\\Robert Rizo\\Desktop\\MyWorkFolder\\data-structures-and-algorithms\\challenges\\linkedList\\linkedList.js","statementMap":{"0":{"start":{"line":10,"column":8},"end":{"line":10,"column":25}},"1":{"start":{"line":11,"column":8},"end":{"line":11,"column":24}},"2":{"start":{"line":17,"column":8},"end":{"line":17,"column":25}},"3":{"start":{"line":18,"column":8},"end":{"line":18,"column":22}},"4":{"start":{"line":23,"column":19},"end":{"line":23,"column":33}},"5":{"start":{"line":30,"column":8},"end":{"line":43,"column":9}},"6":{"start":{"line":31,"column":12},"end":{"line":31,"column":29}},"7":{"start":{"line":33,"column":12},"end":{"line":33,"column":32}},"8":{"start":{"line":37,"column":12},"end":{"line":39,"column":13}},"9":{"start":{"line":38,"column":16},"end":{"line":38,"column":39}},"10":{"start":{"line":42,"column":12},"end":{"line":42,"column":32}},"11":{"start":{"line":44,"column":8},"end":{"line":44,"column":20}},"12":{"start":{"line":50,"column":27},"end":{"line":50,"column":32}},"13":{"start":{"line":51,"column":24},"end":{"line":51,"column":25}},"14":{"start":{"line":52,"column":26},"end":{"line":52,"column":35}},"15":{"start":{"line":55,"column":12},"end":{"line":64,"column":13}},"16":{"start":{"line":58,"column":16},"end":{"line":61,"column":17}},"17":{"start":{"line":59,"column":20},"end":{"line":59,"column":36}},"18":{"start":{"line":60,"column":20},"end":{"line":60,"column":36}},"19":{"start":{"line":63,"column":16},"end":{"line":63,"column":39}},"20":{"start":{"line":70,"column":12},"end":{"line":70,"column":28}},"21":{"start":{"line":76,"column":21},"end":{"line":76,"column":25}},"22":{"start":{"line":77,"column":20},"end":{"line":77,"column":22}},"23":{"start":{"line":78,"column":21},"end":{"line":78,"column":30}},"24":{"start":{"line":79,"column":18},"end":{"line":79,"column":25}},"25":{"start":{"line":81,"column":22},"end":{"line":81,"column":31}},"26":{"start":{"line":83,"column":8},"end":{"line":89,"column":9}},"27":{"start":{"line":86,"column":12},"end":{"line":86,"column":47}},"28":{"start":{"line":87,"column":12},"end":{"line":87,"column":35}},"29":{"start":{"line":90,"column":8},"end":{"line":90,"column":21}},"30":{"start":{"line":91,"column":8},"end":{"line":91,"column":21}},"31":{"start":{"line":104,"column":19},"end":{"line":104,"column":33}},"32":{"start":{"line":109,"column":8},"end":{"line":118,"column":9}},"33":{"start":{"line":110,"column":12},"end":{"line":110,"column":29}},"34":{"start":{"line":112,"column":12},"end":{"line":112,"column":32}},"35":{"start":{"line":114,"column":12},"end":{"line":116,"column":13}},"36":{"start":{"line":115,"column":16},"end":{"line":115,"column":39}},"37":{"start":{"line":117,"column":12},"end":{"line":117,"column":32}},"38":{"start":{"line":119,"column":8},"end":{"line":119,"column":20}},"39":{"start":{"line":125,"column":19},"end":{"line":125,"column":35}},"40":{"start":{"line":127,"column":22},"end":{"line":127,"column":31}},"41":{"start":{"line":129,"column":23},"end":{"line":129,"column":27}},"42":{"start":{"line":131,"column":8},"end":{"line":153,"column":9}},"43":{"start":{"line":133,"column":12},"end":{"line":148,"column":13}},"44":{"start":{"line":135,"column":16},"end":{"line":142,"column":17}},"45":{"start":{"line":137,"column":20},"end":{"line":137,"column":37}},"46":{"start":{"line":141,"column":20},"end":{"line":141,"column":41}},"47":{"start":{"line":144,"column":16},"end":{"line":144,"column":36}},"48":{"start":{"line":146,"column":16},"end":{"line":146,"column":22}},"49":{"start":{"line":149,"column":12},"end":{"line":149,"column":31}},"50":{"start":{"line":151,"column":12},"end":{"line":151,"column":35}},"51":{"start":{"line":155,"column":8},"end":{"line":155,"column":20}},"52":{"start":{"line":163,"column":19},"end":{"line":163,"column":35}},"53":{"start":{"line":164,"column":22},"end":{"line":164,"column":31}},"54":{"start":{"line":166,"column":8},"end":{"line":176,"column":9}},"55":{"start":{"line":167,"column":12},"end":{"line":171,"column":13}},"56":{"start":{"line":168,"column":16},"end":{"line":168,"column":41}},"57":{"start":{"line":169,"column":16},"end":{"line":169,"column":36}},"58":{"start":{"line":170,"column":16},"end":{"line":170,"column":22}},"59":{"start":{"line":172,"column":12},"end":{"line":174,"column":13}},"60":{"start":{"line":173,"column":16},"end":{"line":173,"column":36}},"61":{"start":{"line":175,"column":12},"end":{"line":175,"column":35}},"62":{"start":{"line":178,"column":8},"end":{"line":178,"column":20}},"63":{"start":{"line":195,"column":26},"end":{"line":195,"column":27}},"64":{"start":{"line":197,"column":22},"end":{"line":197,"column":31}},"65":{"start":{"line":199,"column":8},"end":{"line":201,"column":9}},"66":{"start":{"line":200,"column":12},"end":{"line":200,"column":51}},"67":{"start":{"line":203,"column":8},"end":{"line":209,"column":9}},"68":{"start":{"line":205,"column":12},"end":{"line":205,"column":26}},"69":{"start":{"line":207,"column":12},"end":{"line":207,"column":35}},"70":{"start":{"line":211,"column":24},"end":{"line":211,"column":46}},"71":{"start":{"line":213,"column":8},"end":{"line":217,"column":9}},"72":{"start":{"line":215,"column":12},"end":{"line":215,"column":47}},"73":{"start":{"line":219,"column":8},"end":{"line":219,"column":28}},"74":{"start":{"line":221,"column":8},"end":{"line":227,"column":9}},"75":{"start":{"line":223,"column":12},"end":{"line":223,"column":24}},"76":{"start":{"line":225,"column":12},"end":{"line":225,"column":35}},"77":{"start":{"line":230,"column":8},"end":{"line":230,"column":28}},"78":{"start":{"line":241,"column":22},"end":{"line":241,"column":31}},"79":{"start":{"line":243,"column":23},"end":{"line":243,"column":33}},"80":{"start":{"line":246,"column":25},"end":{"line":246,"column":41}},"81":{"start":{"line":248,"column":8},"end":{"line":258,"column":9}},"82":{"start":{"line":250,"column":12},"end":{"line":253,"column":13}},"83":{"start":{"line":251,"column":16},"end":{"line":251,"column":48}},"84":{"start":{"line":252,"column":16},"end":{"line":252,"column":39}},"85":{"start":{"line":254,"column":12},"end":{"line":257,"column":13}},"86":{"start":{"line":255,"column":16},"end":{"line":255,"column":49}},"87":{"start":{"line":256,"column":16},"end":{"line":256,"column":41}},"88":{"start":{"line":260,"column":8},"end":{"line":260,"column":37}},"89":{"start":{"line":268,"column":8},"end":{"line":270,"column":9}},"90":{"start":{"line":269,"column":12},"end":{"line":269,"column":24}},"91":{"start":{"line":275,"column":19},"end":{"line":275,"column":28}},"92":{"start":{"line":276,"column":8},"end":{"line":276,"column":25}},"93":{"start":{"line":283,"column":8},"end":{"line":298,"column":9}},"94":{"start":{"line":285,"column":12},"end":{"line":285,"column":29}},"95":{"start":{"line":289,"column":12},"end":{"line":289,"column":29}},"96":{"start":{"line":294,"column":12},"end":{"line":294,"column":24}},"97":{"start":{"line":297,"column":12},"end":{"line":297,"column":24}},"98":{"start":{"line":303,"column":8},"end":{"line":303,"column":25}},"99":{"start":{"line":304,"column":8},"end":{"line":304,"column":20}},"100":{"start":{"line":310,"column":0},"end":{"line":310,"column":28}}},"fnMap":{"0":{"name":"(anonymous_0)","decl":{"start":{"line":6,"column":4},"end":{"line":6,"column":5}},"loc":{"start":{"line":9,"column":4},"end":{"line":12,"column":5}},"line":9},"1":{"name":"(anonymous_1)","decl":{"start":{"line":16,"column":4},"end":{"line":16,"column":5}},"loc":{"start":{"line":16,"column":18},"end":{"line":19,"column":5}},"line":16},"2":{"name":"(anonymous_2)","decl":{"start":{"line":21,"column":4},"end":{"line":21,"column":5}},"loc":{"start":{"line":21,"column":17},"end":{"line":46,"column":5}},"line":21},"3":{"name":"(anonymous_3)","decl":{"start":{"line":48,"column":4},"end":{"line":48,"column":5}},"loc":{"start":{"line":48,"column":19},"end":{"line":72,"column":5}},"line":48},"4":{"name":"(anonymous_4)","decl":{"start":{"line":74,"column":4},"end":{"line":74,"column":5}},"loc":{"start":{"line":74,"column":15},"end":{"line":92,"column":5}},"line":74},"5":{"name":"(anonymous_5)","decl":{"start":{"line":101,"column":4},"end":{"line":101,"column":5}},"loc":{"start":{"line":101,"column":17},"end":{"line":120,"column":5}},"line":101},"6":{"name":"(anonymous_6)","decl":{"start":{"line":123,"column":4},"end":{"line":123,"column":5}},"loc":{"start":{"line":123,"column":31},"end":{"line":157,"column":5}},"line":123},"7":{"name":"(anonymous_7)","decl":{"start":{"line":160,"column":4},"end":{"line":160,"column":5}},"loc":{"start":{"line":160,"column":30},"end":{"line":182,"column":5}},"line":160},"8":{"name":"(anonymous_8)","decl":{"start":{"line":193,"column":4},"end":{"line":193,"column":5}},"loc":{"start":{"line":193,"column":19},"end":{"line":231,"column":5}},"line":193},"9":{"name":"(anonymous_9)","decl":{"start":{"line":239,"column":4},"end":{"line":239,"column":5}},"loc":{"start":{"line":239,"column":20},"end":{"line":261,"column":5}},"line":239},"10":{"name":"(anonymous_10)","decl":{"start":{"line":264,"column":4},"end":{"line":264,"column":5}},"loc":{"start":{"line":264,"column":14},"end":{"line":305,"column":5}},"line":264}},"branchMap":{"0":{"loc":{"start":{"line":30,"column":8},"end":{"line":43,"column":9}},"type":"if","locations":[{"start":{"line":30,"column":8},"end":{"line":43,"column":9}},{"start":{"line":30,"column":8},"end":{"line":43,"column":9}}],"line":30},"1":{"loc":{"start":{"line":58,"column":16},"end":{"line":61,"column":17}},"type":"if","locations":[{"start":{"line":58,"column":16},"end":{"line":61,"column":17}},{"start":{"line":58,"column":16},"end":{"line":61,"column":17}}],"line":58},"2":{"loc":{"start":{"line":109,"column":8},"end":{"line":118,"column":9}},"type":"if","locations":[{"start":{"line":109,"column":8},"end":{"line":118,"column":9}},{"start":{"line":109,"column":8},"end":{"line":118,"column":9}}],"line":109},"3":{"loc":{"start":{"line":133,"column":12},"end":{"line":148,"column":13}},"type":"if","locations":[{"start":{"line":133,"column":12},"end":{"line":148,"column":13}},{"start":{"line":133,"column":12},"end":{"line":148,"column":13}}],"line":133},"4":{"loc":{"start":{"line":135,"column":16},"end":{"line":142,"column":17}},"type":"if","locations":[{"start":{"line":135,"column":16},"end":{"line":142,"column":17}},{"start":{"line":135,"column":16},"end":{"line":142,"column":17}}],"line":135},"5":{"loc":{"start":{"line":167,"column":12},"end":{"line":171,"column":13}},"type":"if","locations":[{"start":{"line":167,"column":12},"end":{"line":171,"column":13}},{"start":{"line":167,"column":12},"end":{"line":171,"column":13}}],"line":167},"6":{"loc":{"start":{"line":172,"column":12},"end":{"line":174,"column":13}},"type":"if","locations":[{"start":{"line":172,"column":12},"end":{"line":174,"column":13}},{"start":{"line":172,"column":12},"end":{"line":174,"column":13}}],"line":172},"7":{"loc":{"start":{"line":199,"column":8},"end":{"line":201,"column":9}},"type":"if","locations":[{"start":{"line":199,"column":8},"end":{"line":201,"column":9}},{"start":{"line":199,"column":8},"end":{"line":201,"column":9}}],"line":199},"8":{"loc":{"start":{"line":213,"column":8},"end":{"line":217,"column":9}},"type":"if","locations":[{"start":{"line":213,"column":8},"end":{"line":217,"column":9}},{"start":{"line":213,"column":8},"end":{"line":217,"column":9}}],"line":213},"9":{"loc":{"start":{"line":213,"column":12},"end":{"line":213,"column":42}},"type":"binary-expr","locations":[{"start":{"line":213,"column":12},"end":{"line":213,"column":25}},{"start":{"line":213,"column":29},"end":{"line":213,"column":42}}],"line":213},"10":{"loc":{"start":{"line":248,"column":15},"end":{"line":248,"column":34}},"type":"binary-expr","locations":[{"start":{"line":248,"column":15},"end":{"line":248,"column":22}},{"start":{"line":248,"column":26},"end":{"line":248,"column":34}}],"line":248},"11":{"loc":{"start":{"line":250,"column":12},"end":{"line":253,"column":13}},"type":"if","locations":[{"start":{"line":250,"column":12},"end":{"line":253,"column":13}},{"start":{"line":250,"column":12},"end":{"line":253,"column":13}}],"line":250},"12":{"loc":{"start":{"line":254,"column":12},"end":{"line":257,"column":13}},"type":"if","locations":[{"start":{"line":254,"column":12},"end":{"line":257,"column":13}},{"start":{"line":254,"column":12},"end":{"line":257,"column":13}}],"line":254},"13":{"loc":{"start":{"line":268,"column":8},"end":{"line":270,"column":9}},"type":"if","locations":[{"start":{"line":268,"column":8},"end":{"line":270,"column":9}},{"start":{"line":268,"column":8},"end":{"line":270,"column":9}}],"line":268}},"s":{"0":56,"1":56,"2":19,"3":19,"4":17,"5":17,"6":7,"7":10,"8":10,"9":4,"10":10,"11":17,"12":2,"13":2,"14":2,"15":2,"16":6,"17":1,"18":1,"19":5,"20":1,"21":6,"22":6,"23":6,"24":6,"25":6,"26":6,"27":21,"28":21,"29":6,"30":6,"31":37,"32":37,"33":11,"34":26,"35":26,"36":26,"37":26,"38":37,"39":1,"40":1,"41":1,"42":1,"43":3,"44":1,"45":0,"46":1,"47":1,"48":1,"49":2,"50":2,"51":1,"52":1,"53":1,"54":1,"55":3,"56":1,"57":1,"58":1,"59":2,"60":0,"61":2,"62":1,"63":5,"64":5,"65":5,"66":1,"67":4,"68":14,"69":14,"70":4,"71":4,"72":2,"73":2,"74":2,"75":1,"76":1,"77":2,"78":1,"79":1,"80":1,"81":1,"82":2,"83":2,"84":2,"85":2,"86":2,"87":2,"88":1,"89":0,"90":0,"91":0,"92":0,"93":0,"94":0,"95":0,"96":0,"97":0,"98":0,"99":0,"100":1},"f":{"0":56,"1":19,"2":17,"3":2,"4":6,"5":37,"6":1,"7":1,"8":5,"9":1,"10":0},"b":{"0":[7,10],"1":[1,5],"2":[11,26],"3":[1,2],"4":[0,1],"5":[1,2],"6":[0,2],"7":[1,4],"8":[2,2],"9":[4,2],"10":[3,1],"11":[2,0],"12":[2,0],"13":[0,0]},"_coverageSchema":"1a1c01bbd47fc00a2c39e90264f33305004495a9","hash":"e69a8c5e8a8561d7f61f398c39fb53ca4b12a4c0"}
,"C:\\Users\\Robert Rizo\\Desktop\\MyWorkFolder\\data-structures-and-algorithms\\challenges\\merge-sort\\mergeSort.js": {"path":"C:\\Users\\Robert Rizo\\Desktop\\MyWorkFolder\\data-structures-and-algorithms\\challenges\\merge-sort\\mergeSort.js","statementMap":{"0":{"start":{"line":6,"column":4},"end":{"line":8,"column":2}},"1":{"start":{"line":7,"column":4},"end":{"line":7,"column":16}},"2":{"start":{"line":9,"column":16},"end":{"line":9,"column":44}},"3":{"start":{"line":10,"column":14},"end":{"line":10,"column":36}},"4":{"start":{"line":11,"column":15},"end":{"line":11,"column":34}},"5":{"start":{"line":12,"column":1},"end":{"line":15,"column":2}},"6":{"start":{"line":19,"column":17},"end":{"line":19,"column":19}},"7":{"start":{"line":20,"column":20},"end":{"line":20,"column":21}},"8":{"start":{"line":21,"column":21},"end":{"line":21,"column":22}},"9":{"start":{"line":22,"column":4},"end":{"line":30,"column":2}},"10":{"start":{"line":23,"column":7},"end":{"line":29,"column":5}},"11":{"start":{"line":24,"column":7},"end":{"line":24,"column":35}},"12":{"start":{"line":25,"column":7},"end":{"line":25,"column":18}},"13":{"start":{"line":27,"column":7},"end":{"line":27,"column":37}},"14":{"start":{"line":28,"column":7},"end":{"line":28,"column":19}},"15":{"start":{"line":31,"column":1},"end":{"line":31,"column":76}},"16":{"start":{"line":34,"column":1},"end":{"line":34,"column":24}}},"fnMap":{"0":{"name":"mSort","decl":{"start":{"line":5,"column":9},"end":{"line":5,"column":14}},"loc":{"start":{"line":5,"column":23},"end":{"line":16,"column":2}},"line":5},"1":{"name":"merge","decl":{"start":{"line":18,"column":10},"end":{"line":18,"column":15}},"loc":{"start":{"line":18,"column":30},"end":{"line":32,"column":2}},"line":18}},"branchMap":{"0":{"loc":{"start":{"line":6,"column":4},"end":{"line":8,"column":2}},"type":"if","locations":[{"start":{"line":6,"column":4},"end":{"line":8,"column":2}},{"start":{"line":6,"column":4},"end":{"line":8,"column":2}}],"line":6},"1":{"loc":{"start":{"line":22,"column":11},"end":{"line":22,"column":63}},"type":"binary-expr","locations":[{"start":{"line":22,"column":11},"end":{"line":22,"column":34}},{"start":{"line":22,"column":38},"end":{"line":22,"column":63}}],"line":22},"2":{"loc":{"start":{"line":23,"column":7},"end":{"line":29,"column":5}},"type":"if","locations":[{"start":{"line":23,"column":7},"end":{"line":29,"column":5}},{"start":{"line":23,"column":7},"end":{"line":29,"column":5}}],"line":23}},"s":{"0":12,"1":7,"2":5,"3":5,"4":5,"5":5,"6":5,"7":5,"8":5,"9":5,"10":9,"11":4,"12":4,"13":5,"14":5,"15":5,"16":1},"f":{"0":12,"1":5},"b":{"0":[7,5],"1":[14,11],"2":[4,5]},"_coverageSchema":"1a1c01bbd47fc00a2c39e90264f33305004495a9","hash":"3887d00ca885f9b5475e1cac44cd91afcc1c389f"}
,"C:\\Users\\Robert Rizo\\Desktop\\MyWorkFolder\\data-structures-and-algorithms\\challenges\\queues-w-stacks\\queues-w-stacks.js": {"path":"C:\\Users\\Robert Rizo\\Desktop\\MyWorkFolder\\data-structures-and-algorithms\\challenges\\queues-w-stacks\\queues-w-stacks.js","statementMap":{"0":{"start":{"line":5,"column":4},"end":{"line":5,"column":23}},"1":{"start":{"line":6,"column":4},"end":{"line":6,"column":23}},"2":{"start":{"line":11,"column":4},"end":{"line":11,"column":32}},"3":{"start":{"line":16,"column":4},"end":{"line":18,"column":5}},"4":{"start":{"line":17,"column":6},"end":{"line":17,"column":34}},"5":{"start":{"line":20,"column":4},"end":{"line":23,"column":5}},"6":{"start":{"line":21,"column":17},"end":{"line":21,"column":36}},"7":{"start":{"line":22,"column":6},"end":{"line":22,"column":31}},"8":{"start":{"line":25,"column":19},"end":{"line":25,"column":38}},"9":{"start":{"line":27,"column":4},"end":{"line":30,"column":5}},"10":{"start":{"line":28,"column":17},"end":{"line":28,"column":36}},"11":{"start":{"line":29,"column":6},"end":{"line":29,"column":31}},"12":{"start":{"line":32,"column":4},"end":{"line":32,"column":18}},"13":{"start":{"line":36,"column":0},"end":{"line":36,"column":29}}},"fnMap":{"0":{"name":"(anonymous_0)","decl":{"start":{"line":4,"column":2},"end":{"line":4,"column":3}},"loc":{"start":{"line":4,"column":16},"end":{"line":7,"column":3}},"line":4},"1":{"name":"(anonymous_1)","decl":{"start":{"line":10,"column":2},"end":{"line":10,"column":3}},"loc":{"start":{"line":10,"column":19},"end":{"line":12,"column":3}},"line":10},"2":{"name":"(anonymous_2)","decl":{"start":{"line":14,"column":2},"end":{"line":14,"column":3}},"loc":{"start":{"line":14,"column":12},"end":{"line":33,"column":3}},"line":14}},"branchMap":{"0":{"loc":{"start":{"line":16,"column":4},"end":{"line":18,"column":5}},"type":"if","locations":[{"start":{"line":16,"column":4},"end":{"line":18,"column":5}},{"start":{"line":16,"column":4},"end":{"line":18,"column":5}}],"line":16}},"s":{"0":4,"1":4,"2":9,"3":4,"4":0,"5":4,"6":9,"7":9,"8":4,"9":4,"10":5,"11":5,"12":4,"13":1},"f":{"0":4,"1":9,"2":4},"b":{"0":[0,4]},"_coverageSchema":"1a1c01bbd47fc00a2c39e90264f33305004495a9","hash":"708c9e7af2ac655bdb2ee6006e6a6e23490493a8"}
,"C:\\Users\\Robert Rizo\\Desktop\\MyWorkFolder\\data-structures-and-algorithms\\challenges\\quick-sort\\quicksort.js": {"path":"C:\\Users\\Robert Rizo\\Desktop\\MyWorkFolder\\data-structures-and-algorithms\\challenges\\quick-sort\\quicksort.js","statementMap":{"0":{"start":{"line":6,"column":2},"end":{"line":25,"column":3}},"1":{"start":{"line":7,"column":4},"end":{"line":7,"column":21}},"2":{"start":{"line":10,"column":15},"end":{"line":10,"column":17}},"3":{"start":{"line":11,"column":16},"end":{"line":11,"column":18}},"4":{"start":{"line":12,"column":19},"end":{"line":12,"column":21}},"5":{"start":{"line":13,"column":16},"end":{"line":13,"column":31}},"6":{"start":{"line":14,"column":17},"end":{"line":14,"column":33}},"7":{"start":{"line":16,"column":4},"end":{"line":22,"column":5}},"8":{"start":{"line":16,"column":17},"end":{"line":16,"column":18}},"9":{"start":{"line":17,"column":6},"end":{"line":21,"column":7}},"10":{"start":{"line":18,"column":8},"end":{"line":18,"column":32}},"11":{"start":{"line":20,"column":8},"end":{"line":20,"column":33}},"12":{"start":{"line":24,"column":4},"end":{"line":24,"column":71}},"13":{"start":{"line":28,"column":0},"end":{"line":28,"column":28}},"14":{"start":{"line":30,"column":14},"end":{"line":30,"column":37}},"15":{"start":{"line":32,"column":0},"end":{"line":32,"column":42}},"16":{"start":{"line":33,"column":18},"end":{"line":33,"column":37}},"17":{"start":{"line":34,"column":0},"end":{"line":34,"column":44}}},"fnMap":{"0":{"name":"quick_Sort","decl":{"start":{"line":5,"column":9},"end":{"line":5,"column":19}},"loc":{"start":{"line":5,"column":31},"end":{"line":26,"column":1}},"line":5}},"branchMap":{"0":{"loc":{"start":{"line":6,"column":2},"end":{"line":25,"column":3}},"type":"if","locations":[{"start":{"line":6,"column":2},"end":{"line":25,"column":3}},{"start":{"line":6,"column":2},"end":{"line":25,"column":3}}],"line":6},"1":{"loc":{"start":{"line":17,"column":6},"end":{"line":21,"column":7}},"type":"if","locations":[{"start":{"line":17,"column":6},"end":{"line":21,"column":7}},{"start":{"line":17,"column":6},"end":{"line":21,"column":7}}],"line":17}},"s":{"0":18,"1":10,"2":8,"3":8,"4":8,"5":8,"6":8,"7":8,"8":8,"9":22,"10":8,"11":14,"12":8,"13":1,"14":1,"15":1,"16":1,"17":1},"f":{"0":18},"b":{"0":[10,8],"1":[8,14]},"_coverageSchema":"1a1c01bbd47fc00a2c39e90264f33305004495a9","hash":"8774e5f68d6d18a54480e8bf8c321d5d955cceff"}
,"C:\\Users\\Robert Rizo\\Desktop\\MyWorkFolder\\data-structures-and-algorithms\\challenges\\reverse-array\\reverse-array.js": {"path":"C:\\Users\\Robert Rizo\\Desktop\\MyWorkFolder\\data-structures-and-algorithms\\challenges\\reverse-array\\reverse-array.js","statementMap":{"0":{"start":{"line":3,"column":19},"end":{"line":3,"column":21}},"1":{"start":{"line":5,"column":1},"end":{"line":14,"column":1}},"2":{"start":{"line":7,"column":19},"end":{"line":7,"column":21}},"3":{"start":{"line":9,"column":4},"end":{"line":11,"column":5}},"4":{"start":{"line":9,"column":17},"end":{"line":9,"column":18}},"5":{"start":{"line":10,"column":8},"end":{"line":10,"column":46}},"6":{"start":{"line":12,"column":4},"end":{"line":12,"column":20}},"7":{"start":{"line":15,"column":0},"end":{"line":15,"column":36}},"8":{"start":{"line":74,"column":12},"end":{"line":74,"column":23}},"9":{"start":{"line":76,"column":0},"end":{"line":76,"column":20}}},"fnMap":{"0":{"name":"(anonymous_0)","decl":{"start":{"line":5,"column":16},"end":{"line":5,"column":17}},"loc":{"start":{"line":5,"column":27},"end":{"line":14,"column":1}},"line":5}},"branchMap":{},"s":{"0":1,"1":1,"2":2,"3":2,"4":2,"5":10,"6":2,"7":1,"8":1,"9":1},"f":{"0":2},"b":{},"_coverageSchema":"1a1c01bbd47fc00a2c39e90264f33305004495a9","hash":"3e1f46e97395ad13c83aa383a8d63a3c45a5a864"}
,"C:\\Users\\Robert Rizo\\Desktop\\MyWorkFolder\\data-structures-and-algorithms\\challenges\\stacks-n-queues\\node.js": {"path":"C:\\Users\\Robert Rizo\\Desktop\\MyWorkFolder\\data-structures-and-algorithms\\challenges\\stacks-n-queues\\node.js","statementMap":{"0":{"start":{"line":6,"column":4},"end":{"line":6,"column":21}},"1":{"start":{"line":7,"column":4},"end":{"line":7,"column":21}},"2":{"start":{"line":14,"column":0},"end":{"line":14,"column":22}}},"fnMap":{"0":{"name":"(anonymous_0)","decl":{"start":{"line":5,"column":2},"end":{"line":5,"column":3}},"loc":{"start":{"line":5,"column":20},"end":{"line":8,"column":3}},"line":5}},"branchMap":{},"s":{"0":25,"1":25,"2":2},"f":{"0":25},"b":{},"_coverageSchema":"1a1c01bbd47fc00a2c39e90264f33305004495a9","hash":"71890ee84a94f065f27893478dcc72580663bf09"}
,"C:\\Users\\Robert Rizo\\Desktop\\MyWorkFolder\\data-structures-and-algorithms\\challenges\\stacks-n-queues\\queues.js": {"path":"C:\\Users\\Robert Rizo\\Desktop\\MyWorkFolder\\data-structures-and-algorithms\\challenges\\stacks-n-queues\\queues.js","statementMap":{"0":{"start":{"line":3,"column":13},"end":{"line":3,"column":33}},"1":{"start":{"line":10,"column":4},"end":{"line":10,"column":22}},"2":{"start":{"line":11,"column":4},"end":{"line":11,"column":21}},"3":{"start":{"line":19,"column":15},"end":{"line":19,"column":29}},"4":{"start":{"line":21,"column":4},"end":{"line":32,"column":5}},"5":{"start":{"line":23,"column":6},"end":{"line":23,"column":24}},"6":{"start":{"line":24,"column":6},"end":{"line":24,"column":23}},"7":{"start":{"line":29,"column":6},"end":{"line":29,"column":28}},"8":{"start":{"line":30,"column":6},"end":{"line":30,"column":32}},"9":{"start":{"line":39,"column":4},"end":{"line":48,"column":5}},"10":{"start":{"line":41,"column":17},"end":{"line":41,"column":27}},"11":{"start":{"line":42,"column":6},"end":{"line":42,"column":35}},"12":{"start":{"line":43,"column":6},"end":{"line":43,"column":23}},"13":{"start":{"line":44,"column":6},"end":{"line":44,"column":23}},"14":{"start":{"line":47,"column":6},"end":{"line":47,"column":24}},"15":{"start":{"line":55,"column":4},"end":{"line":59,"column":5}},"16":{"start":{"line":56,"column":6},"end":{"line":56,"column":24}},"17":{"start":{"line":57,"column":11},"end":{"line":59,"column":5}},"18":{"start":{"line":58,"column":6},"end":{"line":58,"column":29}},"19":{"start":{"line":66,"column":4},"end":{"line":72,"column":5}},"20":{"start":{"line":67,"column":6},"end":{"line":67,"column":19}},"21":{"start":{"line":68,"column":11},"end":{"line":72,"column":5}},"22":{"start":{"line":69,"column":6},"end":{"line":69,"column":18}},"23":{"start":{"line":71,"column":6},"end":{"line":71,"column":46}},"24":{"start":{"line":78,"column":0},"end":{"line":78,"column":23}}},"fnMap":{"0":{"name":"(anonymous_0)","decl":{"start":{"line":8,"column":2},"end":{"line":8,"column":3}},"loc":{"start":{"line":8,"column":16},"end":{"line":13,"column":3}},"line":8},"1":{"name":"(anonymous_1)","decl":{"start":{"line":17,"column":2},"end":{"line":17,"column":3}},"loc":{"start":{"line":17,"column":16},"end":{"line":34,"column":3}},"line":17},"2":{"name":"(anonymous_2)","decl":{"start":{"line":37,"column":2},"end":{"line":37,"column":3}},"loc":{"start":{"line":37,"column":12},"end":{"line":50,"column":3}},"line":37},"3":{"name":"(anonymous_3)","decl":{"start":{"line":53,"column":2},"end":{"line":53,"column":3}},"loc":{"start":{"line":53,"column":9},"end":{"line":61,"column":3}},"line":53},"4":{"name":"(anonymous_4)","decl":{"start":{"line":64,"column":2},"end":{"line":64,"column":3}},"loc":{"start":{"line":64,"column":12},"end":{"line":74,"column":3}},"line":64}},"branchMap":{"0":{"loc":{"start":{"line":21,"column":4},"end":{"line":32,"column":5}},"type":"if","locations":[{"start":{"line":21,"column":4},"end":{"line":32,"column":5}},{"start":{"line":21,"column":4},"end":{"line":32,"column":5}}],"line":21},"1":{"loc":{"start":{"line":39,"column":4},"end":{"line":48,"column":5}},"type":"if","locations":[{"start":{"line":39,"column":4},"end":{"line":48,"column":5}},{"start":{"line":39,"column":4},"end":{"line":48,"column":5}}],"line":39},"2":{"loc":{"start":{"line":55,"column":4},"end":{"line":59,"column":5}},"type":"if","locations":[{"start":{"line":55,"column":4},"end":{"line":59,"column":5}},{"start":{"line":55,"column":4},"end":{"line":59,"column":5}}],"line":55},"3":{"loc":{"start":{"line":57,"column":11},"end":{"line":59,"column":5}},"type":"if","locations":[{"start":{"line":57,"column":11},"end":{"line":59,"column":5}},{"start":{"line":57,"column":11},"end":{"line":59,"column":5}}],"line":57},"4":{"loc":{"start":{"line":66,"column":4},"end":{"line":72,"column":5}},"type":"if","locations":[{"start":{"line":66,"column":4},"end":{"line":72,"column":5}},{"start":{"line":66,"column":4},"end":{"line":72,"column":5}}],"line":66},"5":{"loc":{"start":{"line":68,"column":11},"end":{"line":72,"column":5}},"type":"if","locations":[{"start":{"line":68,"column":11},"end":{"line":72,"column":5}},{"start":{"line":68,"column":11},"end":{"line":72,"column":5}}],"line":68}},"s":{"0":1,"1":6,"2":6,"3":10,"4":10,"5":5,"6":5,"7":5,"8":5,"9":4,"10":4,"11":4,"12":4,"13":4,"14":0,"15":3,"16":0,"17":3,"18":3,"19":18,"20":10,"21":8,"22":8,"23":0,"24":1},"f":{"0":6,"1":10,"2":4,"3":3,"4":18},"b":{"0":[5,5],"1":[4,0],"2":[0,3],"3":[3,0],"4":[10,8],"5":[8,0]},"_coverageSchema":"1a1c01bbd47fc00a2c39e90264f33305004495a9","hash":"811c981c89f212971b0e0e0943cac1618be49eed"}
,"C:\\Users\\Robert Rizo\\Desktop\\MyWorkFolder\\data-structures-and-algorithms\\challenges\\stacks-n-queues\\stacks.js": {"path":"C:\\Users\\Robert Rizo\\Desktop\\MyWorkFolder\\data-structures-and-algorithms\\challenges\\stacks-n-queues\\stacks.js","statementMap":{"0":{"start":{"line":3,"column":13},"end":{"line":3,"column":33}},"1":{"start":{"line":8,"column":4},"end":{"line":8,"column":20}},"2":{"start":{"line":15,"column":15},"end":{"line":15,"column":29}},"3":{"start":{"line":16,"column":4},"end":{"line":16,"column":25}},"4":{"start":{"line":17,"column":4},"end":{"line":17,"column":19}},"5":{"start":{"line":18,"column":4},"end":{"line":18,"column":20}},"6":{"start":{"line":25,"column":4},"end":{"line":35,"column":5}},"7":{"start":{"line":26,"column":6},"end":{"line":26,"column":22}},"8":{"start":{"line":30,"column":17},"end":{"line":30,"column":25}},"9":{"start":{"line":31,"column":6},"end":{"line":31,"column":31}},"10":{"start":{"line":32,"column":6},"end":{"line":32,"column":23}},"11":{"start":{"line":33,"column":6},"end":{"line":33,"column":23}},"12":{"start":{"line":42,"column":4},"end":{"line":47,"column":5}},"13":{"start":{"line":43,"column":6},"end":{"line":43,"column":22}},"14":{"start":{"line":45,"column":9},"end":{"line":47,"column":5}},"15":{"start":{"line":46,"column":6},"end":{"line":46,"column":27}},"16":{"start":{"line":54,"column":4},"end":{"line":59,"column":5}},"17":{"start":{"line":55,"column":6},"end":{"line":55,"column":19}},"18":{"start":{"line":58,"column":6},"end":{"line":58,"column":18}},"19":{"start":{"line":65,"column":0},"end":{"line":65,"column":23}}},"fnMap":{"0":{"name":"(anonymous_0)","decl":{"start":{"line":7,"column":2},"end":{"line":7,"column":3}},"loc":{"start":{"line":7,"column":15},"end":{"line":10,"column":1}},"line":7},"1":{"name":"(anonymous_1)","decl":{"start":{"line":13,"column":2},"end":{"line":13,"column":3}},"loc":{"start":{"line":13,"column":13},"end":{"line":20,"column":3}},"line":13},"2":{"name":"(anonymous_2)","decl":{"start":{"line":23,"column":2},"end":{"line":23,"column":3}},"loc":{"start":{"line":23,"column":8},"end":{"line":37,"column":3}},"line":23},"3":{"name":"(anonymous_3)","decl":{"start":{"line":40,"column":2},"end":{"line":40,"column":3}},"loc":{"start":{"line":40,"column":9},"end":{"line":49,"column":3}},"line":40},"4":{"name":"(anonymous_4)","decl":{"start":{"line":52,"column":2},"end":{"line":52,"column":3}},"loc":{"start":{"line":52,"column":12},"end":{"line":61,"column":3}},"line":52}},"branchMap":{"0":{"loc":{"start":{"line":25,"column":4},"end":{"line":35,"column":5}},"type":"if","locations":[{"start":{"line":25,"column":4},"end":{"line":35,"column":5}},{"start":{"line":25,"column":4},"end":{"line":35,"column":5}}],"line":25},"1":{"loc":{"start":{"line":42,"column":4},"end":{"line":47,"column":5}},"type":"if","locations":[{"start":{"line":42,"column":4},"end":{"line":47,"column":5}},{"start":{"line":42,"column":4},"end":{"line":47,"column":5}}],"line":42},"2":{"loc":{"start":{"line":45,"column":9},"end":{"line":47,"column":5}},"type":"if","locations":[{"start":{"line":45,"column":9},"end":{"line":47,"column":5}},{"start":{"line":45,"column":9},"end":{"line":47,"column":5}}],"line":45},"3":{"loc":{"start":{"line":54,"column":4},"end":{"line":59,"column":5}},"type":"if","locations":[{"start":{"line":54,"column":4},"end":{"line":59,"column":5}},{"start":{"line":54,"column":4},"end":{"line":59,"column":5}}],"line":54}},"s":{"0":1,"1":6,"2":15,"3":15,"4":15,"5":15,"6":4,"7":0,"8":4,"9":4,"10":4,"11":4,"12":4,"13":1,"14":3,"15":3,"16":1,"17":0,"18":1,"19":1},"f":{"0":6,"1":15,"2":4,"3":4,"4":1},"b":{"0":[0,4],"1":[1,3],"2":[3,0],"3":[0,1]},"_coverageSchema":"1a1c01bbd47fc00a2c39e90264f33305004495a9","hash":"b1bb4a00110a2fa864ad18aecf1ab423e31a8bb7"}
,"C:\\Users\\Robert Rizo\\Desktop\\MyWorkFolder\\data-structures-and-algorithms\\challenges\\tree\\onlyBT.js": {"path":"C:\\Users\\Robert Rizo\\Desktop\\MyWorkFolder\\data-structures-and-algorithms\\challenges\\tree\\onlyBT.js","statementMap":{"0":{"start":{"line":12,"column":6},"end":{"line":12,"column":25}},"1":{"start":{"line":13,"column":6},"end":{"line":13,"column":25}},"2":{"start":{"line":19,"column":6},"end":{"line":19,"column":23}},"3":{"start":{"line":24,"column":6},"end":{"line":26,"column":7}},"4":{"start":{"line":25,"column":8},"end":{"line":25,"column":21}},"5":{"start":{"line":28,"column":20},"end":{"line":28,"column":31}},"6":{"start":{"line":30,"column":25},"end":{"line":30,"column":27}},"7":{"start":{"line":32,"column":6},"end":{"line":32,"column":31}},"8":{"start":{"line":34,"column":6},"end":{"line":45,"column":7}},"9":{"start":{"line":36,"column":29},"end":{"line":36,"column":55}},"10":{"start":{"line":38,"column":8},"end":{"line":40,"column":9}},"11":{"start":{"line":39,"column":10},"end":{"line":39,"column":62}},"12":{"start":{"line":39,"column":40},"end":{"line":39,"column":60}},"13":{"start":{"line":42,"column":8},"end":{"line":42,"column":43}},"14":{"start":{"line":44,"column":8},"end":{"line":44,"column":24}},"15":{"start":{"line":47,"column":6},"end":{"line":47,"column":24}},"16":{"start":{"line":52,"column":6},"end":{"line":54,"column":7}},"17":{"start":{"line":53,"column":8},"end":{"line":53,"column":21}},"18":{"start":{"line":56,"column":25},"end":{"line":56,"column":27}},"19":{"start":{"line":58,"column":20},"end":{"line":58,"column":29}},"20":{"start":{"line":61,"column":29},"end":{"line":71,"column":7}},"21":{"start":{"line":63,"column":8},"end":{"line":63,"column":36}},"22":{"start":{"line":65,"column":8},"end":{"line":69,"column":9}},"23":{"start":{"line":66,"column":10},"end":{"line":68,"column":13}},"24":{"start":{"line":67,"column":12},"end":{"line":67,"column":34}},"25":{"start":{"line":70,"column":8},"end":{"line":70,"column":20}},"26":{"start":{"line":73,"column":30},"end":{"line":83,"column":7}},"27":{"start":{"line":75,"column":8},"end":{"line":79,"column":9}},"28":{"start":{"line":76,"column":10},"end":{"line":78,"column":13}},"29":{"start":{"line":77,"column":12},"end":{"line":77,"column":35}},"30":{"start":{"line":81,"column":8},"end":{"line":81,"column":36}},"31":{"start":{"line":82,"column":8},"end":{"line":82,"column":20}},"32":{"start":{"line":85,"column":28},"end":{"line":105,"column":7}},"33":{"start":{"line":87,"column":8},"end":{"line":103,"column":9}},"34":{"start":{"line":89,"column":26},"end":{"line":89,"column":62}},"35":{"start":{"line":91,"column":10},"end":{"line":93,"column":11}},"36":{"start":{"line":91,"column":23},"end":{"line":91,"column":24}},"37":{"start":{"line":92,"column":12},"end":{"line":92,"column":44}},"38":{"start":{"line":95,"column":10},"end":{"line":95,"column":38}},"39":{"start":{"line":97,"column":10},"end":{"line":99,"column":11}},"40":{"start":{"line":97,"column":23},"end":{"line":97,"column":30}},"41":{"start":{"line":98,"column":12},"end":{"line":98,"column":44}},"42":{"start":{"line":102,"column":10},"end":{"line":102,"column":38}},"43":{"start":{"line":104,"column":8},"end":{"line":104,"column":20}},"44":{"start":{"line":107,"column":6},"end":{"line":117,"column":7}},"45":{"start":{"line":109,"column":10},"end":{"line":109,"column":34}},"46":{"start":{"line":110,"column":10},"end":{"line":110,"column":16}},"47":{"start":{"line":112,"column":10},"end":{"line":112,"column":35}},"48":{"start":{"line":113,"column":10},"end":{"line":113,"column":16}},"49":{"start":{"line":115,"column":10},"end":{"line":115,"column":33}},"50":{"start":{"line":116,"column":10},"end":{"line":116,"column":16}},"51":{"start":{"line":119,"column":6},"end":{"line":119,"column":24}},"52":{"start":{"line":125,"column":6},"end":{"line":125,"column":25}},"53":{"start":{"line":126,"column":6},"end":{"line":126,"column":23}},"54":{"start":{"line":132,"column":6},"end":{"line":132,"column":24}},"55":{"start":{"line":133,"column":6},"end":{"line":133,"column":23}},"56":{"start":{"line":134,"column":6},"end":{"line":134,"column":20}},"57":{"start":{"line":138,"column":22},"end":{"line":138,"column":42}},"58":{"start":{"line":140,"column":6},"end":{"line":147,"column":7}},"59":{"start":{"line":141,"column":8},"end":{"line":141,"column":29}},"60":{"start":{"line":142,"column":8},"end":{"line":142,"column":28}},"61":{"start":{"line":145,"column":8},"end":{"line":145,"column":33}},"62":{"start":{"line":146,"column":8},"end":{"line":146,"column":28}},"63":{"start":{"line":149,"column":6},"end":{"line":149,"column":18}},"64":{"start":{"line":151,"column":6},"end":{"line":151,"column":18}},"65":{"start":{"line":156,"column":6},"end":{"line":156,"column":40}},"66":{"start":{"line":156,"column":27},"end":{"line":156,"column":40}},"67":{"start":{"line":158,"column":27},"end":{"line":158,"column":37}},"68":{"start":{"line":160,"column":23},"end":{"line":160,"column":38}},"69":{"start":{"line":162,"column":6},"end":{"line":164,"column":7}},"70":{"start":{"line":163,"column":8},"end":{"line":163,"column":29}},"71":{"start":{"line":166,"column":6},"end":{"line":166,"column":28}},"72":{"start":{"line":168,"column":6},"end":{"line":168,"column":31}},"73":{"start":{"line":170,"column":6},"end":{"line":170,"column":18}},"74":{"start":{"line":172,"column":6},"end":{"line":172,"column":26}},"75":{"start":{"line":176,"column":24},"end":{"line":176,"column":34}},"76":{"start":{"line":177,"column":14},"end":{"line":177,"column":15}},"77":{"start":{"line":178,"column":6},"end":{"line":182,"column":7}},"78":{"start":{"line":179,"column":8},"end":{"line":179,"column":42}},"79":{"start":{"line":180,"column":8},"end":{"line":180,"column":12}},"80":{"start":{"line":181,"column":8},"end":{"line":181,"column":39}},"81":{"start":{"line":193,"column":2},"end":{"line":193,"column":54}}},"fnMap":{"0":{"name":"(anonymous_0)","decl":{"start":{"line":11,"column":4},"end":{"line":11,"column":5}},"loc":{"start":{"line":11,"column":23},"end":{"line":14,"column":5}},"line":11},"1":{"name":"(anonymous_1)","decl":{"start":{"line":18,"column":4},"end":{"line":18,"column":5}},"loc":{"start":{"line":18,"column":18},"end":{"line":20,"column":5}},"line":18},"2":{"name":"(anonymous_2)","decl":{"start":{"line":22,"column":4},"end":{"line":22,"column":5}},"loc":{"start":{"line":22,"column":18},"end":{"line":48,"column":5}},"line":22},"3":{"name":"(anonymous_3)","decl":{"start":{"line":39,"column":31},"end":{"line":39,"column":32}},"loc":{"start":{"line":39,"column":40},"end":{"line":39,"column":60}},"line":39},"4":{"name":"(anonymous_4)","decl":{"start":{"line":50,"column":4},"end":{"line":50,"column":5}},"loc":{"start":{"line":50,"column":22},"end":{"line":120,"column":5}},"line":50},"5":{"name":"(anonymous_5)","decl":{"start":{"line":61,"column":29},"end":{"line":61,"column":30}},"loc":{"start":{"line":61,"column":37},"end":{"line":71,"column":7}},"line":61},"6":{"name":"(anonymous_6)","decl":{"start":{"line":66,"column":32},"end":{"line":66,"column":33}},"loc":{"start":{"line":66,"column":41},"end":{"line":68,"column":11}},"line":66},"7":{"name":"(anonymous_7)","decl":{"start":{"line":73,"column":30},"end":{"line":73,"column":31}},"loc":{"start":{"line":73,"column":38},"end":{"line":83,"column":7}},"line":73},"8":{"name":"(anonymous_8)","decl":{"start":{"line":76,"column":32},"end":{"line":76,"column":33}},"loc":{"start":{"line":76,"column":41},"end":{"line":78,"column":11}},"line":76},"9":{"name":"(anonymous_9)","decl":{"start":{"line":85,"column":28},"end":{"line":85,"column":29}},"loc":{"start":{"line":85,"column":36},"end":{"line":105,"column":7}},"line":85},"10":{"name":"(anonymous_10)","decl":{"start":{"line":124,"column":4},"end":{"line":124,"column":5}},"loc":{"start":{"line":124,"column":23},"end":{"line":127,"column":5}},"line":124},"11":{"name":"(anonymous_11)","decl":{"start":{"line":131,"column":4},"end":{"line":131,"column":5}},"loc":{"start":{"line":131,"column":18},"end":{"line":135,"column":5}},"line":131},"12":{"name":"(anonymous_12)","decl":{"start":{"line":137,"column":4},"end":{"line":137,"column":5}},"loc":{"start":{"line":137,"column":19},"end":{"line":152,"column":5}},"line":137},"13":{"name":"(anonymous_13)","decl":{"start":{"line":154,"column":4},"end":{"line":154,"column":5}},"loc":{"start":{"line":154,"column":14},"end":{"line":173,"column":5}},"line":154},"14":{"name":"(anonymous_14)","decl":{"start":{"line":175,"column":4},"end":{"line":175,"column":5}},"loc":{"start":{"line":175,"column":10},"end":{"line":183,"column":5}},"line":175}},"branchMap":{"0":{"loc":{"start":{"line":24,"column":6},"end":{"line":26,"column":7}},"type":"if","locations":[{"start":{"line":24,"column":6},"end":{"line":26,"column":7}},{"start":{"line":24,"column":6},"end":{"line":26,"column":7}}],"line":24},"1":{"loc":{"start":{"line":38,"column":8},"end":{"line":40,"column":9}},"type":"if","locations":[{"start":{"line":38,"column":8},"end":{"line":40,"column":9}},{"start":{"line":38,"column":8},"end":{"line":40,"column":9}}],"line":38},"2":{"loc":{"start":{"line":52,"column":6},"end":{"line":54,"column":7}},"type":"if","locations":[{"start":{"line":52,"column":6},"end":{"line":54,"column":7}},{"start":{"line":52,"column":6},"end":{"line":54,"column":7}}],"line":52},"3":{"loc":{"start":{"line":65,"column":8},"end":{"line":69,"column":9}},"type":"if","locations":[{"start":{"line":65,"column":8},"end":{"line":69,"column":9}},{"start":{"line":65,"column":8},"end":{"line":69,"column":9}}],"line":65},"4":{"loc":{"start":{"line":75,"column":8},"end":{"line":79,"column":9}},"type":"if","locations":[{"start":{"line":75,"column":8},"end":{"line":79,"column":9}},{"start":{"line":75,"column":8},"end":{"line":79,"column":9}}],"line":75},"5":{"loc":{"start":{"line":87,"column":8},"end":{"line":103,"column":9}},"type":"if","locations":[{"start":{"line":87,"column":8},"end":{"line":103,"column":9}},{"start":{"line":87,"column":8},"end":{"line":103,"column":9}}],"line":87},"6":{"loc":{"start":{"line":107,"column":6},"end":{"line":117,"column":7}},"type":"switch","locations":[{"start":{"line":108,"column":8},"end":{"line":110,"column":16}},{"start":{"line":111,"column":8},"end":{"line":113,"column":16}},{"start":{"line":114,"column":8},"end":{"line":116,"column":16}}],"line":107},"7":{"loc":{"start":{"line":140,"column":6},"end":{"line":147,"column":7}},"type":"if","locations":[{"start":{"line":140,"column":6},"end":{"line":147,"column":7}},{"start":{"line":140,"column":6},"end":{"line":147,"column":7}}],"line":140},"8":{"loc":{"start":{"line":156,"column":6},"end":{"line":156,"column":40}},"type":"if","locations":[{"start":{"line":156,"column":6},"end":{"line":156,"column":40}},{"start":{"line":156,"column":6},"end":{"line":156,"column":40}}],"line":156},"9":{"loc":{"start":{"line":162,"column":6},"end":{"line":164,"column":7}},"type":"if","locations":[{"start":{"line":162,"column":6},"end":{"line":164,"column":7}},{"start":{"line":162,"column":6},"end":{"line":164,"column":7}}],"line":162}},"s":{"0":7,"1":7,"2":1,"3":0,"4":0,"5":0,"6":0,"7":0,"8":0,"9":0,"10":0,"11":0,"12":0,"13":0,"14":0,"15":0,"16":1,"17":0,"18":1,"19":1,"20":1,"21":0,"22":0,"23":0,"24":0,"25":0,"26":1,"27":0,"28":0,"29":0,"30":0,"31":0,"32":1,"33":7,"34":3,"35":3,"36":3,"37":2,"38":3,"39":3,"40":3,"41":4,"42":4,"43":7,"44":1,"45":0,"46":0,"47":0,"48":0,"49":1,"50":1,"51":1,"52":0,"53":0,"54":0,"55":0,"56":0,"57":0,"58":0,"59":0,"60":0,"61":0,"62":0,"63":0,"64":0,"65":0,"66":0,"67":0,"68":0,"69":0,"70":0,"71":0,"72":0,"73":0,"74":0,"75":0,"76":0,"77":0,"78":0,"79":0,"80":0,"81":1},"f":{"0":7,"1":1,"2":0,"3":0,"4":1,"5":0,"6":0,"7":0,"8":0,"9":7,"10":0,"11":0,"12":0,"13":0,"14":0},"b":{"0":[0,0],"1":[0,0],"2":[0,1],"3":[0,0],"4":[0,0],"5":[3,4],"6":[0,0,1],"7":[0,0],"8":[0,0],"9":[0,0]},"_coverageSchema":"1a1c01bbd47fc00a2c39e90264f33305004495a9","hash":"d7a7b976951da18974d80aa56ccdf115c6c7ff21"}
,"C:\\Users\\Robert Rizo\\Desktop\\MyWorkFolder\\data-structures-and-algorithms\\challenges\\tree\\tree.js": {"path":"C:\\Users\\Robert Rizo\\Desktop\\MyWorkFolder\\data-structures-and-algorithms\\challenges\\tree\\tree.js","statementMap":{"0":{"start":{"line":12,"column":6},"end":{"line":12,"column":25}},"1":{"start":{"line":13,"column":6},"end":{"line":13,"column":24}},"2":{"start":{"line":14,"column":6},"end":{"line":14,"column":24}},"3":{"start":{"line":21,"column":4},"end":{"line":21,"column":54}},"4":{"start":{"line":29,"column":18},"end":{"line":29,"column":20}},"5":{"start":{"line":30,"column":16},"end":{"line":38,"column":5}},"6":{"start":{"line":31,"column":6},"end":{"line":31,"column":31}},"7":{"start":{"line":32,"column":6},"end":{"line":34,"column":7}},"8":{"start":{"line":33,"column":8},"end":{"line":33,"column":25}},"9":{"start":{"line":35,"column":6},"end":{"line":37,"column":7}},"10":{"start":{"line":36,"column":8},"end":{"line":36,"column":26}},"11":{"start":{"line":39,"column":4},"end":{"line":39,"column":21}},"12":{"start":{"line":40,"column":4},"end":{"line":40,"column":19}},"13":{"start":{"line":45,"column":18},"end":{"line":45,"column":20}},"14":{"start":{"line":46,"column":16},"end":{"line":54,"column":5}},"15":{"start":{"line":47,"column":6},"end":{"line":49,"column":7}},"16":{"start":{"line":48,"column":8},"end":{"line":48,"column":25}},"17":{"start":{"line":50,"column":6},"end":{"line":50,"column":31}},"18":{"start":{"line":51,"column":6},"end":{"line":53,"column":7}},"19":{"start":{"line":52,"column":8},"end":{"line":52,"column":26}},"20":{"start":{"line":55,"column":4},"end":{"line":55,"column":21}},"21":{"start":{"line":56,"column":4},"end":{"line":56,"column":19}},"22":{"start":{"line":61,"column":18},"end":{"line":61,"column":20}},"23":{"start":{"line":62,"column":16},"end":{"line":70,"column":5}},"24":{"start":{"line":63,"column":6},"end":{"line":65,"column":7}},"25":{"start":{"line":64,"column":8},"end":{"line":64,"column":25}},"26":{"start":{"line":66,"column":6},"end":{"line":68,"column":7}},"27":{"start":{"line":67,"column":8},"end":{"line":67,"column":26}},"28":{"start":{"line":69,"column":6},"end":{"line":69,"column":31}},"29":{"start":{"line":71,"column":4},"end":{"line":71,"column":21}},"30":{"start":{"line":72,"column":4},"end":{"line":72,"column":19}},"31":{"start":{"line":76,"column":18},"end":{"line":76,"column":20}},"32":{"start":{"line":77,"column":16},"end":{"line":85,"column":5}},"33":{"start":{"line":78,"column":6},"end":{"line":78,"column":31}},"34":{"start":{"line":79,"column":6},"end":{"line":81,"column":7}},"35":{"start":{"line":80,"column":8},"end":{"line":80,"column":25}},"36":{"start":{"line":82,"column":6},"end":{"line":84,"column":7}},"37":{"start":{"line":83,"column":8},"end":{"line":83,"column":26}},"38":{"start":{"line":86,"column":4},"end":{"line":86,"column":21}},"39":{"start":{"line":87,"column":15},"end":{"line":87,"column":16}},"40":{"start":{"line":88,"column":4},"end":{"line":92,"column":5}},"41":{"start":{"line":88,"column":16},"end":{"line":88,"column":17}},"42":{"start":{"line":89,"column":6},"end":{"line":91,"column":7}},"43":{"start":{"line":90,"column":8},"end":{"line":90,"column":26}},"44":{"start":{"line":94,"column":4},"end":{"line":94,"column":16}},"45":{"start":{"line":101,"column":20},"end":{"line":101,"column":22}},"46":{"start":{"line":102,"column":18},"end":{"line":110,"column":7}},"47":{"start":{"line":103,"column":8},"end":{"line":103,"column":33}},"48":{"start":{"line":104,"column":8},"end":{"line":106,"column":9}},"49":{"start":{"line":105,"column":10},"end":{"line":105,"column":27}},"50":{"start":{"line":107,"column":8},"end":{"line":109,"column":9}},"51":{"start":{"line":108,"column":10},"end":{"line":108,"column":28}},"52":{"start":{"line":111,"column":6},"end":{"line":111,"column":23}},"53":{"start":{"line":117,"column":29},"end":{"line":117,"column":55}},"54":{"start":{"line":120,"column":6},"end":{"line":136,"column":7}},"55":{"start":{"line":120,"column":18},"end":{"line":120,"column":19}},"56":{"start":{"line":122,"column":8},"end":{"line":134,"column":10}},"57":{"start":{"line":123,"column":10},"end":{"line":123,"column":41}},"58":{"start":{"line":125,"column":13},"end":{"line":134,"column":10}},"59":{"start":{"line":126,"column":10},"end":{"line":126,"column":37}},"60":{"start":{"line":128,"column":13},"end":{"line":134,"column":10}},"61":{"start":{"line":130,"column":10},"end":{"line":130,"column":37}},"62":{"start":{"line":133,"column":10},"end":{"line":133,"column":52}},"63":{"start":{"line":138,"column":6},"end":{"line":138,"column":28}},"64":{"start":{"line":152,"column":4},"end":{"line":155,"column":5}},"65":{"start":{"line":153,"column":6},"end":{"line":153,"column":34}},"66":{"start":{"line":154,"column":6},"end":{"line":154,"column":13}},"67":{"start":{"line":156,"column":4},"end":{"line":156,"column":39}},"68":{"start":{"line":162,"column":4},"end":{"line":170,"column":5}},"69":{"start":{"line":163,"column":6},"end":{"line":169,"column":7}},"70":{"start":{"line":164,"column":8},"end":{"line":164,"column":43}},"71":{"start":{"line":165,"column":8},"end":{"line":165,"column":15}},"72":{"start":{"line":167,"column":8},"end":{"line":167,"column":50}},"73":{"start":{"line":168,"column":8},"end":{"line":168,"column":15}},"74":{"start":{"line":171,"column":4},"end":{"line":178,"column":5}},"75":{"start":{"line":172,"column":6},"end":{"line":177,"column":7}},"76":{"start":{"line":173,"column":8},"end":{"line":173,"column":42}},"77":{"start":{"line":174,"column":8},"end":{"line":174,"column":15}},"78":{"start":{"line":176,"column":8},"end":{"line":176,"column":49}},"79":{"start":{"line":184,"column":4},"end":{"line":184,"column":51}},"80":{"start":{"line":188,"column":4},"end":{"line":190,"column":5}},"81":{"start":{"line":189,"column":6},"end":{"line":189,"column":19}},"82":{"start":{"line":191,"column":4},"end":{"line":197,"column":5}},"83":{"start":{"line":192,"column":6},"end":{"line":192,"column":18}},"84":{"start":{"line":193,"column":11},"end":{"line":197,"column":5}},"85":{"start":{"line":194,"column":6},"end":{"line":194,"column":60}},"86":{"start":{"line":195,"column":11},"end":{"line":197,"column":5}},"87":{"start":{"line":196,"column":6},"end":{"line":196,"column":59}},"88":{"start":{"line":203,"column":0},"end":{"line":203,"column":54}}},"fnMap":{"0":{"name":"(anonymous_0)","decl":{"start":{"line":11,"column":4},"end":{"line":11,"column":5}},"loc":{"start":{"line":11,"column":50},"end":{"line":15,"column":5}},"line":11},"1":{"name":"(anonymous_1)","decl":{"start":{"line":20,"column":4},"end":{"line":20,"column":5}},"loc":{"start":{"line":20,"column":29},"end":{"line":22,"column":3}},"line":20},"2":{"name":"(anonymous_2)","decl":{"start":{"line":27,"column":2},"end":{"line":27,"column":3}},"loc":{"start":{"line":27,"column":12},"end":{"line":41,"column":3}},"line":27},"3":{"name":"(anonymous_3)","decl":{"start":{"line":30,"column":16},"end":{"line":30,"column":17}},"loc":{"start":{"line":30,"column":26},"end":{"line":38,"column":5}},"line":30},"4":{"name":"(anonymous_4)","decl":{"start":{"line":43,"column":2},"end":{"line":43,"column":3}},"loc":{"start":{"line":43,"column":11},"end":{"line":57,"column":3}},"line":43},"5":{"name":"(anonymous_5)","decl":{"start":{"line":46,"column":16},"end":{"line":46,"column":17}},"loc":{"start":{"line":46,"column":26},"end":{"line":54,"column":5}},"line":46},"6":{"name":"(anonymous_6)","decl":{"start":{"line":59,"column":2},"end":{"line":59,"column":3}},"loc":{"start":{"line":59,"column":13},"end":{"line":73,"column":3}},"line":59},"7":{"name":"(anonymous_7)","decl":{"start":{"line":62,"column":16},"end":{"line":62,"column":17}},"loc":{"start":{"line":62,"column":26},"end":{"line":70,"column":5}},"line":62},"8":{"name":"(anonymous_8)","decl":{"start":{"line":75,"column":2},"end":{"line":75,"column":3}},"loc":{"start":{"line":75,"column":14},"end":{"line":96,"column":3}},"line":75},"9":{"name":"(anonymous_9)","decl":{"start":{"line":77,"column":16},"end":{"line":77,"column":17}},"loc":{"start":{"line":77,"column":26},"end":{"line":85,"column":5}},"line":77},"10":{"name":"(anonymous_10)","decl":{"start":{"line":98,"column":2},"end":{"line":98,"column":3}},"loc":{"start":{"line":98,"column":17},"end":{"line":139,"column":5}},"line":98},"11":{"name":"(anonymous_11)","decl":{"start":{"line":102,"column":18},"end":{"line":102,"column":19}},"loc":{"start":{"line":102,"column":28},"end":{"line":110,"column":7}},"line":102},"12":{"name":"(anonymous_12)","decl":{"start":{"line":151,"column":2},"end":{"line":151,"column":3}},"loc":{"start":{"line":151,"column":12},"end":{"line":157,"column":3}},"line":151},"13":{"name":"(anonymous_13)","decl":{"start":{"line":160,"column":2},"end":{"line":160,"column":3}},"loc":{"start":{"line":160,"column":33},"end":{"line":179,"column":3}},"line":160},"14":{"name":"(anonymous_14)","decl":{"start":{"line":183,"column":2},"end":{"line":183,"column":3}},"loc":{"start":{"line":183,"column":17},"end":{"line":185,"column":3}},"line":183},"15":{"name":"(anonymous_15)","decl":{"start":{"line":187,"column":2},"end":{"line":187,"column":3}},"loc":{"start":{"line":187,"column":38},"end":{"line":198,"column":3}},"line":187}},"branchMap":{"0":{"loc":{"start":{"line":11,"column":23},"end":{"line":11,"column":34}},"type":"default-arg","locations":[{"start":{"line":11,"column":30},"end":{"line":11,"column":34}}],"line":11},"1":{"loc":{"start":{"line":11,"column":36},"end":{"line":11,"column":48}},"type":"default-arg","locations":[{"start":{"line":11,"column":44},"end":{"line":11,"column":48}}],"line":11},"2":{"loc":{"start":{"line":20,"column":16},"end":{"line":20,"column":27}},"type":"default-arg","locations":[{"start":{"line":20,"column":23},"end":{"line":20,"column":27}}],"line":20},"3":{"loc":{"start":{"line":21,"column":16},"end":{"line":21,"column":53}},"type":"cond-expr","locations":[{"start":{"line":21,"column":32},"end":{"line":21,"column":36}},{"start":{"line":21,"column":39},"end":{"line":21,"column":53}}],"line":21},"4":{"loc":{"start":{"line":32,"column":6},"end":{"line":34,"column":7}},"type":"if","locations":[{"start":{"line":32,"column":6},"end":{"line":34,"column":7}},{"start":{"line":32,"column":6},"end":{"line":34,"column":7}}],"line":32},"5":{"loc":{"start":{"line":35,"column":6},"end":{"line":37,"column":7}},"type":"if","locations":[{"start":{"line":35,"column":6},"end":{"line":37,"column":7}},{"start":{"line":35,"column":6},"end":{"line":37,"column":7}}],"line":35},"6":{"loc":{"start":{"line":47,"column":6},"end":{"line":49,"column":7}},"type":"if","locations":[{"start":{"line":47,"column":6},"end":{"line":49,"column":7}},{"start":{"line":47,"column":6},"end":{"line":49,"column":7}}],"line":47},"7":{"loc":{"start":{"line":51,"column":6},"end":{"line":53,"column":7}},"type":"if","locations":[{"start":{"line":51,"column":6},"end":{"line":53,"column":7}},{"start":{"line":51,"column":6},"end":{"line":53,"column":7}}],"line":51},"8":{"loc":{"start":{"line":63,"column":6},"end":{"line":65,"column":7}},"type":"if","locations":[{"start":{"line":63,"column":6},"end":{"line":65,"column":7}},{"start":{"line":63,"column":6},"end":{"line":65,"column":7}}],"line":63},"9":{"loc":{"start":{"line":66,"column":6},"end":{"line":68,"column":7}},"type":"if","locations":[{"start":{"line":66,"column":6},"end":{"line":68,"column":7}},{"start":{"line":66,"column":6},"end":{"line":68,"column":7}}],"line":66},"10":{"loc":{"start":{"line":79,"column":6},"end":{"line":81,"column":7}},"type":"if","locations":[{"start":{"line":79,"column":6},"end":{"line":81,"column":7}},{"start":{"line":79,"column":6},"end":{"line":81,"column":7}}],"line":79},"11":{"loc":{"start":{"line":82,"column":6},"end":{"line":84,"column":7}},"type":"if","locations":[{"start":{"line":82,"column":6},"end":{"line":84,"column":7}},{"start":{"line":82,"column":6},"end":{"line":84,"column":7}}],"line":82},"12":{"loc":{"start":{"line":89,"column":6},"end":{"line":91,"column":7}},"type":"if","locations":[{"start":{"line":89,"column":6},"end":{"line":91,"column":7}},{"start":{"line":89,"column":6},"end":{"line":91,"column":7}}],"line":89},"13":{"loc":{"start":{"line":104,"column":8},"end":{"line":106,"column":9}},"type":"if","locations":[{"start":{"line":104,"column":8},"end":{"line":106,"column":9}},{"start":{"line":104,"column":8},"end":{"line":106,"column":9}}],"line":104},"14":{"loc":{"start":{"line":107,"column":8},"end":{"line":109,"column":9}},"type":"if","locations":[{"start":{"line":107,"column":8},"end":{"line":109,"column":9}},{"start":{"line":107,"column":8},"end":{"line":109,"column":9}}],"line":107},"15":{"loc":{"start":{"line":122,"column":8},"end":{"line":134,"column":10}},"type":"if","locations":[{"start":{"line":122,"column":8},"end":{"line":134,"column":10}},{"start":{"line":122,"column":8},"end":{"line":134,"column":10}}],"line":122},"16":{"loc":{"start":{"line":125,"column":13},"end":{"line":134,"column":10}},"type":"if","locations":[{"start":{"line":125,"column":13},"end":{"line":134,"column":10}},{"start":{"line":125,"column":13},"end":{"line":134,"column":10}}],"line":125},"17":{"loc":{"start":{"line":128,"column":13},"end":{"line":134,"column":10}},"type":"if","locations":[{"start":{"line":128,"column":13},"end":{"line":134,"column":10}},{"start":{"line":128,"column":13},"end":{"line":134,"column":10}}],"line":128},"18":{"loc":{"start":{"line":152,"column":4},"end":{"line":155,"column":5}},"type":"if","locations":[{"start":{"line":152,"column":4},"end":{"line":155,"column":5}},{"start":{"line":152,"column":4},"end":{"line":155,"column":5}}],"line":152},"19":{"loc":{"start":{"line":162,"column":4},"end":{"line":170,"column":5}},"type":"if","locations":[{"start":{"line":162,"column":4},"end":{"line":170,"column":5}},{"start":{"line":162,"column":4},"end":{"line":170,"column":5}}],"line":162},"20":{"loc":{"start":{"line":163,"column":6},"end":{"line":169,"column":7}},"type":"if","locations":[{"start":{"line":163,"column":6},"end":{"line":169,"column":7}},{"start":{"line":163,"column":6},"end":{"line":169,"column":7}}],"line":163},"21":{"loc":{"start":{"line":171,"column":4},"end":{"line":178,"column":5}},"type":"if","locations":[{"start":{"line":171,"column":4},"end":{"line":178,"column":5}},{"start":{"line":171,"column":4},"end":{"line":178,"column":5}}],"line":171},"22":{"loc":{"start":{"line":172,"column":6},"end":{"line":177,"column":7}},"type":"if","locations":[{"start":{"line":172,"column":6},"end":{"line":177,"column":7}},{"start":{"line":172,"column":6},"end":{"line":177,"column":7}}],"line":172},"23":{"loc":{"start":{"line":188,"column":4},"end":{"line":190,"column":5}},"type":"if","locations":[{"start":{"line":188,"column":4},"end":{"line":190,"column":5}},{"start":{"line":188,"column":4},"end":{"line":190,"column":5}}],"line":188},"24":{"loc":{"start":{"line":191,"column":4},"end":{"line":197,"column":5}},"type":"if","locations":[{"start":{"line":191,"column":4},"end":{"line":197,"column":5}},{"start":{"line":191,"column":4},"end":{"line":197,"column":5}}],"line":191},"25":{"loc":{"start":{"line":193,"column":11},"end":{"line":197,"column":5}},"type":"if","locations":[{"start":{"line":193,"column":11},"end":{"line":197,"column":5}},{"start":{"line":193,"column":11},"end":{"line":197,"column":5}}],"line":193},"26":{"loc":{"start":{"line":195,"column":11},"end":{"line":197,"column":5}},"type":"if","locations":[{"start":{"line":195,"column":11},"end":{"line":197,"column":5}},{"start":{"line":195,"column":11},"end":{"line":197,"column":5}}],"line":195}},"s":{"0":38,"1":38,"2":38,"3":9,"4":1,"5":1,"6":6,"7":6,"8":3,"9":6,"10":2,"11":1,"12":1,"13":1,"14":1,"15":6,"16":3,"17":6,"18":6,"19":2,"20":1,"21":1,"22":1,"23":1,"24":6,"25":3,"26":6,"27":2,"28":6,"29":1,"30":1,"31":1,"32":1,"33":8,"34":8,"35":3,"36":8,"37":4,"38":1,"39":1,"40":1,"41":1,"42":8,"43":5,"44":1,"45":1,"46":1,"47":4,"48":4,"49":2,"50":4,"51":1,"52":1,"53":1,"54":1,"55":1,"56":4,"57":1,"58":3,"59":1,"60":2,"61":0,"62":2,"63":1,"64":36,"65":6,"66":6,"67":30,"68":53,"69":22,"70":13,"71":13,"72":9,"73":9,"74":31,"75":31,"76":17,"77":17,"78":14,"79":0,"80":0,"81":0,"82":0,"83":0,"84":0,"85":0,"86":0,"87":0,"88":1},"f":{"0":38,"1":9,"2":1,"3":6,"4":1,"5":6,"6":1,"7":6,"8":1,"9":8,"10":1,"11":4,"12":36,"13":53,"14":0,"15":0},"b":{"0":[38],"1":[38],"2":[1],"3":[7,2],"4":[3,3],"5":[2,4],"6":[3,3],"7":[2,4],"8":[3,3],"9":[2,4],"10":[3,5],"11":[4,4],"12":[5,3],"13":[2,2],"14":[1,3],"15":[1,3],"16":[1,2],"17":[0,2],"18":[6,30],"19":[22,31],"20":[13,9],"21":[31,0],"22":[17,14],"23":[0,0],"24":[0,0],"25":[0,0],"26":[0,0]},"_coverageSchema":"1a1c01bbd47fc00a2c39e90264f33305004495a9","hash":"25a8ae0ec06cb4877eded1bde06fd93c0df64429"}
}
