TN:
SF:challenges/animal-shelter/animal-shelter.js
FN:4,(anonymous_0)
FN:10,(anonymous_1)
FN:24,(anonymous_2)
FNF:3
FNH:3
FNDA:5,(anonymous_0)
FNDA:6,(anonymous_1)
FNDA:2,(anonymous_2)
DA:6,5
DA:7,5
DA:11,6
DA:12,3
DA:13,3
DA:14,3
DA:18,0
DA:25,2
DA:26,1
DA:27,1
DA:28,1
DA:29,1
DA:30,1
DA:32,0
DA:37,1
LF:15
LH:13
BRDA:11,0,0,3
BRDA:11,0,1,3
BRDA:13,1,0,3
BRDA:13,1,1,0
BRDA:25,2,0,1
BRDA:25,2,1,1
BRDA:28,3,0,1
BRDA:28,3,1,0
BRF:8
BRH:6
end_of_record
TN:
SF:challenges/arrayShift/array-shift.js
FN:5,(anonymous_0)
FNF:1
FNH:1
FNDA:1,(anonymous_0)
DA:3,1
DA:5,1
DA:7,1
DA:9,1
DA:11,1
DA:13,4
DA:14,2
DA:16,2
DA:17,1
DA:18,1
DA:20,1
DA:21,1
DA:26,1
DA:30,1
LF:14
LH:14
BRDA:13,0,0,2
BRDA:13,0,1,2
BRDA:16,1,0,1
BRDA:16,1,1,1
BRDA:20,2,0,1
BRDA:20,2,1,0
BRF:6
BRH:5
end_of_record
TN:
SF:challenges/linkedList/linkedList.js
FN:6,(anonymous_0)
FN:16,(anonymous_1)
FN:21,(anonymous_2)
FN:48,(anonymous_3)
FN:74,(anonymous_4)
FN:101,(anonymous_5)
FN:123,(anonymous_6)
FN:160,(anonymous_7)
FN:193,(anonymous_8)
FN:239,(anonymous_9)
FN:264,(anonymous_10)
FNF:11
FNH:10
FNDA:56,(anonymous_0)
FNDA:19,(anonymous_1)
FNDA:17,(anonymous_2)
FNDA:2,(anonymous_3)
FNDA:6,(anonymous_4)
FNDA:37,(anonymous_5)
FNDA:1,(anonymous_6)
FNDA:1,(anonymous_7)
FNDA:5,(anonymous_8)
FNDA:1,(anonymous_9)
FNDA:0,(anonymous_10)
DA:10,56
DA:11,56
DA:17,19
DA:18,19
DA:23,17
DA:30,17
DA:31,7
DA:33,10
DA:37,10
DA:38,4
DA:42,10
DA:44,17
DA:50,2
DA:51,2
DA:52,2
DA:55,2
DA:58,6
DA:59,1
DA:60,1
DA:63,5
DA:70,1
DA:76,6
DA:77,6
DA:78,6
DA:79,6
DA:81,6
DA:83,6
DA:86,21
DA:87,21
DA:90,6
DA:91,6
DA:104,37
DA:109,37
DA:110,11
DA:112,26
DA:114,26
DA:115,26
DA:117,26
DA:119,37
DA:125,1
DA:127,1
DA:129,1
DA:131,1
DA:133,3
DA:135,1
DA:137,0
DA:141,1
DA:144,1
DA:146,1
DA:149,2
DA:151,2
DA:155,1
DA:163,1
DA:164,1
DA:166,1
DA:167,3
DA:168,1
DA:169,1
DA:170,1
DA:172,2
DA:173,0
DA:175,2
DA:178,1
DA:195,5
DA:197,5
DA:199,5
DA:200,1
DA:203,4
DA:205,14
DA:207,14
DA:211,4
DA:213,4
DA:215,2
DA:219,2
DA:221,2
DA:223,1
DA:225,1
DA:230,2
DA:241,1
DA:243,1
DA:246,1
DA:248,1
DA:250,2
DA:251,2
DA:252,2
DA:254,2
DA:255,2
DA:256,2
DA:260,1
DA:268,0
DA:269,0
DA:275,0
DA:276,0
DA:283,0
DA:285,0
DA:289,0
DA:294,0
DA:297,0
DA:303,0
DA:304,0
DA:310,1
LF:101
LH:88
BRDA:30,0,0,7
BRDA:30,0,1,10
BRDA:58,1,0,1
BRDA:58,1,1,5
BRDA:109,2,0,11
BRDA:109,2,1,26
BRDA:133,3,0,1
BRDA:133,3,1,2
BRDA:135,4,0,0
BRDA:135,4,1,1
BRDA:167,5,0,1
BRDA:167,5,1,2
BRDA:172,6,0,0
BRDA:172,6,1,2
BRDA:199,7,0,1
BRDA:199,7,1,4
BRDA:213,8,0,2
BRDA:213,8,1,2
BRDA:213,9,0,4
BRDA:213,9,1,2
BRDA:248,10,0,3
BRDA:248,10,1,1
BRDA:250,11,0,2
BRDA:250,11,1,0
BRDA:254,12,0,2
BRDA:254,12,1,0
BRDA:268,13,0,0
BRDA:268,13,1,0
BRF:28
BRH:22
end_of_record
TN:
SF:challenges/queues-w-stacks/queues-w-stacks.js
FN:4,(anonymous_0)
FN:10,(anonymous_1)
FN:14,(anonymous_2)
FNF:3
FNH:3
FNDA:4,(anonymous_0)
FNDA:9,(anonymous_1)
FNDA:4,(anonymous_2)
DA:5,4
DA:6,4
DA:11,9
DA:16,4
DA:17,0
DA:20,4
DA:21,9
DA:22,9
DA:25,4
DA:27,4
DA:28,5
DA:29,5
DA:32,4
DA:36,1
LF:14
LH:13
BRDA:16,0,0,0
BRDA:16,0,1,4
BRF:2
BRH:1
end_of_record
TN:
SF:challenges/reverse-array/reverse-array.js
FN:5,(anonymous_0)
FNF:1
FNH:1
FNDA:2,(anonymous_0)
DA:3,1
DA:5,1
DA:7,2
DA:9,2
DA:10,10
DA:12,2
DA:15,1
DA:74,1
DA:76,1
LF:9
LH:9
BRF:0
BRH:0
end_of_record
TN:
SF:challenges/stacks-n-queues/node.js
FN:5,(anonymous_0)
FNF:1
FNH:1
FNDA:25,(anonymous_0)
DA:6,25
DA:7,25
DA:14,2
LF:3
LH:3
BRF:0
BRH:0
end_of_record
TN:
SF:challenges/stacks-n-queues/queues.js
FN:8,(anonymous_0)
FN:17,(anonymous_1)
FN:37,(anonymous_2)
FN:53,(anonymous_3)
FN:64,(anonymous_4)
FNF:5
FNH:5
FNDA:6,(anonymous_0)
FNDA:10,(anonymous_1)
FNDA:4,(anonymous_2)
FNDA:3,(anonymous_3)
FNDA:18,(anonymous_4)
DA:3,1
DA:10,6
DA:11,6
DA:19,10
DA:21,10
DA:23,5
DA:24,5
DA:29,5
DA:30,5
DA:39,4
DA:41,4
DA:42,4
DA:43,4
DA:44,4
DA:47,0
DA:55,3
DA:56,0
DA:57,3
DA:58,3
DA:66,18
DA:67,10
DA:68,8
DA:69,8
DA:71,0
DA:78,1
LF:25
LH:22
BRDA:21,0,0,5
BRDA:21,0,1,5
BRDA:39,1,0,4
BRDA:39,1,1,0
BRDA:55,2,0,0
BRDA:55,2,1,3
BRDA:57,3,0,3
BRDA:57,3,1,0
BRDA:66,4,0,10
BRDA:66,4,1,8
BRDA:68,5,0,8
BRDA:68,5,1,0
BRF:12
BRH:8
end_of_record
TN:
SF:challenges/stacks-n-queues/stacks.js
FN:7,(anonymous_0)
FN:13,(anonymous_1)
FN:23,(anonymous_2)
FN:40,(anonymous_3)
FN:52,(anonymous_4)
FNF:5
FNH:5
FNDA:6,(anonymous_0)
FNDA:15,(anonymous_1)
FNDA:4,(anonymous_2)
FNDA:4,(anonymous_3)
FNDA:1,(anonymous_4)
DA:3,1
DA:8,6
DA:15,15
DA:16,15
DA:17,15
DA:18,15
DA:25,4
DA:26,0
DA:30,4
DA:31,4
DA:32,4
DA:33,4
DA:42,4
DA:43,1
DA:45,3
DA:46,3
DA:54,1
DA:55,0
DA:58,1
DA:65,1
LF:20
LH:18
BRDA:25,0,0,0
BRDA:25,0,1,4
BRDA:42,1,0,1
BRDA:42,1,1,3
BRDA:45,2,0,3
BRDA:45,2,1,0
BRDA:54,3,0,0
BRDA:54,3,1,1
BRF:8
BRH:5
end_of_record
