TN:
SF:challenges/linkedList/linkedList.js
FN:6,(anonymous_0)
FN:16,(anonymous_1)
FN:21,(anonymous_2)
FN:48,(anonymous_3)
FN:74,(anonymous_4)
FN:101,(anonymous_5)
FN:123,(anonymous_6)
FN:160,(anonymous_7)
FN:193,(anonymous_8)
FN:240,(anonymous_9)
FNF:10
FNH:10
FNDA:56,(anonymous_0)
FNDA:19,(anonymous_1)
FNDA:17,(anonymous_2)
FNDA:2,(anonymous_3)
FNDA:6,(anonymous_4)
FNDA:37,(anonymous_5)
FNDA:1,(anonymous_6)
FNDA:1,(anonymous_7)
FNDA:5,(anonymous_8)
FNDA:1,(anonymous_9)
DA:10,56
DA:11,56
DA:17,19
DA:18,19
DA:23,17
DA:30,17
DA:31,7
DA:33,10
DA:37,10
DA:38,4
DA:42,10
DA:44,17
DA:50,2
DA:51,2
DA:52,2
DA:55,2
DA:58,6
DA:59,1
DA:60,1
DA:63,5
DA:70,1
DA:76,6
DA:77,6
DA:78,6
DA:79,6
DA:81,6
DA:83,6
DA:86,21
DA:87,21
DA:90,6
DA:91,6
DA:104,37
DA:109,37
DA:110,11
DA:112,26
DA:114,26
DA:115,26
DA:117,26
DA:119,37
DA:125,1
DA:127,1
DA:129,1
DA:131,1
DA:133,3
DA:135,1
DA:137,0
DA:141,1
DA:144,1
DA:146,1
DA:149,2
DA:151,2
DA:155,1
DA:163,1
DA:164,1
DA:166,1
DA:167,3
DA:168,1
DA:169,1
DA:170,1
DA:172,2
DA:173,0
DA:175,2
DA:178,1
DA:195,5
DA:197,5
DA:199,5
DA:200,1
DA:204,4
DA:206,14
DA:208,14
DA:212,4
DA:214,4
DA:216,2
DA:220,2
DA:222,2
DA:224,1
DA:226,1
DA:231,2
DA:242,1
DA:244,1
DA:247,1
DA:249,1
DA:251,2
DA:252,2
DA:253,2
DA:255,2
DA:256,2
DA:257,2
DA:261,1
DA:266,1
LF:90
LH:88
BRDA:30,0,0,7
BRDA:30,0,1,10
BRDA:58,1,0,1
BRDA:58,1,1,5
BRDA:109,2,0,11
BRDA:109,2,1,26
BRDA:133,3,0,1
BRDA:133,3,1,2
BRDA:135,4,0,0
BRDA:135,4,1,1
BRDA:167,5,0,1
BRDA:167,5,1,2
BRDA:172,6,0,0
BRDA:172,6,1,2
BRDA:199,7,0,1
BRDA:199,7,1,4
BRDA:214,8,0,2
BRDA:214,8,1,2
BRDA:214,9,0,4
BRDA:214,9,1,2
BRDA:249,10,0,3
BRDA:249,10,1,1
BRDA:251,11,0,2
BRDA:251,11,1,0
BRDA:255,12,0,2
BRDA:255,12,1,0
BRF:26
BRH:22
end_of_record
